<?xml version="1.0" encoding="UTF-8"?>
<coverage generated="1755449753688" clover="3.2.0">
  <project timestamp="1755449753688" name="All files">
    <metrics statements="284" coveredstatements="240" conditionals="40" coveredconditionals="37" methods="75" coveredmethods="74" elements="399" coveredelements="351" complexity="0" loc="284" ncloc="284" packages="5" files="16" classes="16"/>
    <package name="src">
      <metrics statements="25" coveredstatements="13" conditionals="0" coveredconditionals="0" methods="5" coveredmethods="5"/>
      <file name="app.controller.ts" path="/Users/maksymilian/Work/ynov/m2/final/penpal-ai-monitoring-service/src/app.controller.ts">
        <metrics statements="9" coveredstatements="9" conditionals="0" coveredconditionals="0" methods="3" coveredmethods="3"/>
        <line num="1" count="1" type="stmt"/>
        <line num="2" count="1" type="stmt"/>
        <line num="3" count="1" type="stmt"/>
        <line num="7" count="1" type="stmt"/>
        <line num="8" count="5" type="stmt"/>
        <line num="16" count="1" type="stmt"/>
        <line num="17" count="2" type="stmt"/>
        <line num="26" count="1" type="stmt"/>
        <line num="27" count="2" type="stmt"/>
      </file>
      <file name="app.module.ts" path="/Users/maksymilian/Work/ynov/m2/final/penpal-ai-monitoring-service/src/app.module.ts">
        <metrics statements="12" coveredstatements="0" conditionals="0" coveredconditionals="0" methods="0" coveredmethods="0"/>
        <line num="1" count="0" type="stmt"/>
        <line num="2" count="0" type="stmt"/>
        <line num="3" count="0" type="stmt"/>
        <line num="4" count="0" type="stmt"/>
        <line num="5" count="0" type="stmt"/>
        <line num="7" count="0" type="stmt"/>
        <line num="8" count="0" type="stmt"/>
        <line num="9" count="0" type="stmt"/>
        <line num="10" count="0" type="stmt"/>
        <line num="11" count="0" type="stmt"/>
        <line num="12" count="0" type="stmt"/>
        <line num="40" count="0" type="stmt"/>
      </file>
      <file name="app.service.ts" path="/Users/maksymilian/Work/ynov/m2/final/penpal-ai-monitoring-service/src/app.service.ts">
        <metrics statements="4" coveredstatements="4" conditionals="0" coveredconditionals="0" methods="2" coveredmethods="2"/>
        <line num="1" count="2" type="stmt"/>
        <line num="4" count="2" type="stmt"/>
        <line num="6" count="2" type="stmt"/>
        <line num="28" count="4" type="stmt"/>
      </file>
    </package>
    <package name="src.modules.dashboard">
      <metrics statements="38" coveredstatements="32" conditionals="3" coveredconditionals="3" methods="11" coveredmethods="11"/>
      <file name="dashboard.controller.ts" path="/Users/maksymilian/Work/ynov/m2/final/penpal-ai-monitoring-service/src/modules/dashboard/dashboard.controller.ts">
        <metrics statements="11" coveredstatements="11" conditionals="2" coveredconditionals="2" methods="4" coveredmethods="4"/>
        <line num="1" count="1" type="stmt"/>
        <line num="2" count="1" type="stmt"/>
        <line num="3" count="1" type="stmt"/>
        <line num="7" count="1" type="stmt"/>
        <line num="8" count="28" type="stmt"/>
        <line num="16" count="1" type="stmt"/>
        <line num="17" count="14" type="stmt"/>
        <line num="23" count="1" type="stmt"/>
        <line num="24" count="12" type="stmt"/>
        <line num="40" count="1" type="stmt"/>
        <line num="44" count="8" type="stmt"/>
      </file>
      <file name="dashboard.module.ts" path="/Users/maksymilian/Work/ynov/m2/final/penpal-ai-monitoring-service/src/modules/dashboard/dashboard.module.ts">
        <metrics statements="6" coveredstatements="0" conditionals="0" coveredconditionals="0" methods="0" coveredmethods="0"/>
        <line num="1" count="0" type="stmt"/>
        <line num="2" count="0" type="stmt"/>
        <line num="3" count="0" type="stmt"/>
        <line num="4" count="0" type="stmt"/>
        <line num="5" count="0" type="stmt"/>
        <line num="13" count="0" type="stmt"/>
      </file>
      <file name="dashboard.service.ts" path="/Users/maksymilian/Work/ynov/m2/final/penpal-ai-monitoring-service/src/modules/dashboard/dashboard.service.ts">
        <metrics statements="21" coveredstatements="21" conditionals="1" coveredconditionals="1" methods="7" coveredmethods="7"/>
        <line num="1" count="2" type="stmt"/>
        <line num="2" count="2" type="stmt"/>
        <line num="3" count="2" type="stmt"/>
        <line num="6" count="2" type="stmt"/>
        <line num="8" count="27" type="stmt"/>
        <line num="9" count="27" type="stmt"/>
        <line num="13" count="13" type="stmt"/>
        <line num="19" count="10" type="stmt"/>
        <line num="37" count="11" type="stmt"/>
        <line num="43" count="9" type="stmt"/>
        <line num="66" count="18" type="stmt"/>
        <line num="86" count="12" type="stmt"/>
        <line num="93" count="11" type="stmt"/>
        <line num="108" count="11" type="cond" truecount="1" falsecount="0"/>
        <line num="109" count="2" type="stmt"/>
        <line num="112" count="9" type="stmt"/>
        <line num="117" count="2" type="stmt"/>
        <line num="118" count="2" type="stmt"/>
        <line num="119" count="2" type="stmt"/>
        <line num="122" count="4" type="stmt"/>
        <line num="126" count="2" type="stmt"/>
      </file>
    </package>
    <package name="src.modules.health">
      <metrics statements="47" coveredstatements="41" conditionals="2" coveredconditionals="2" methods="12" coveredmethods="12"/>
      <file name="health.controller.ts" path="/Users/maksymilian/Work/ynov/m2/final/penpal-ai-monitoring-service/src/modules/health/health.controller.ts">
        <metrics statements="15" coveredstatements="15" conditionals="0" coveredconditionals="0" methods="5" coveredmethods="5"/>
        <line num="1" count="1" type="stmt"/>
        <line num="2" count="1" type="stmt"/>
        <line num="3" count="1" type="stmt"/>
        <line num="9" count="1" type="stmt"/>
        <line num="14" count="1" type="stmt"/>
        <line num="16" count="11" type="stmt"/>
        <line num="17" count="11" type="stmt"/>
        <line num="18" count="11" type="stmt"/>
        <line num="25" count="1" type="stmt"/>
        <line num="26" count="3" type="stmt"/>
        <line num="28" count="1" type="stmt"/>
        <line num="38" count="1" type="stmt"/>
        <line num="39" count="3" type="stmt"/>
        <line num="45" count="1" type="stmt"/>
        <line num="46" count="4" type="stmt"/>
      </file>
      <file name="health.module.ts" path="/Users/maksymilian/Work/ynov/m2/final/penpal-ai-monitoring-service/src/modules/health/health.module.ts">
        <metrics statements="6" coveredstatements="0" conditionals="0" coveredconditionals="0" methods="0" coveredmethods="0"/>
        <line num="1" count="0" type="stmt"/>
        <line num="2" count="0" type="stmt"/>
        <line num="3" count="0" type="stmt"/>
        <line num="4" count="0" type="stmt"/>
        <line num="5" count="0" type="stmt"/>
        <line num="13" count="0" type="stmt"/>
      </file>
      <file name="health.service.ts" path="/Users/maksymilian/Work/ynov/m2/final/penpal-ai-monitoring-service/src/modules/health/health.service.ts">
        <metrics statements="26" coveredstatements="26" conditionals="2" coveredconditionals="2" methods="7" coveredmethods="7"/>
        <line num="1" count="8" type="stmt"/>
        <line num="2" count="8" type="stmt"/>
        <line num="3" count="8" type="stmt"/>
        <line num="4" count="8" type="stmt"/>
        <line num="8" count="8" type="stmt"/>
        <line num="9" count="12" type="stmt"/>
        <line num="11" count="12" type="stmt"/>
        <line num="14" count="12" type="stmt"/>
        <line num="15" count="12" type="stmt"/>
        <line num="18" count="12" type="stmt"/>
        <line num="39" count="6" type="stmt"/>
        <line num="40" count="24" type="stmt"/>
        <line num="43" count="6" type="stmt"/>
        <line num="50" count="28" type="stmt"/>
        <line num="52" count="28" type="stmt"/>
        <line num="53" count="28" type="stmt"/>
        <line num="62" count="21" type="stmt"/>
        <line num="64" count="21" type="stmt"/>
        <line num="72" count="7" type="stmt"/>
        <line num="74" count="7" type="stmt"/>
        <line num="78" count="7" type="stmt"/>
        <line num="90" count="4" type="stmt"/>
        <line num="92" count="16" type="stmt"/>
        <line num="93" count="16" type="stmt"/>
        <line num="94" count="4" type="stmt"/>
        <line num="96" count="4" type="stmt"/>
      </file>
    </package>
    <package name="src.modules.metrics">
      <metrics statements="119" coveredstatements="106" conditionals="24" coveredconditionals="21" methods="30" coveredmethods="29"/>
      <file name="metrics.controller.ts" path="/Users/maksymilian/Work/ynov/m2/final/penpal-ai-monitoring-service/src/modules/metrics/metrics.controller.ts">
        <metrics statements="15" coveredstatements="15" conditionals="0" coveredconditionals="0" methods="5" coveredmethods="5"/>
        <line num="1" count="1" type="stmt"/>
        <line num="2" count="1" type="stmt"/>
        <line num="3" count="1" type="stmt"/>
        <line num="4" count="1" type="stmt"/>
        <line num="8" count="1" type="stmt"/>
        <line num="10" count="20" type="stmt"/>
        <line num="11" count="20" type="stmt"/>
        <line num="19" count="1" type="stmt"/>
        <line num="20" count="6" type="stmt"/>
        <line num="26" count="1" type="stmt"/>
        <line num="27" count="20" type="stmt"/>
        <line num="32" count="1" type="stmt"/>
        <line num="33" count="8" type="stmt"/>
        <line num="39" count="1" type="stmt"/>
        <line num="40" count="8" type="stmt"/>
      </file>
      <file name="metrics.module.ts" path="/Users/maksymilian/Work/ynov/m2/final/penpal-ai-monitoring-service/src/modules/metrics/metrics.module.ts">
        <metrics statements="7" coveredstatements="0" conditionals="0" coveredconditionals="0" methods="0" coveredmethods="0"/>
        <line num="1" count="0" type="stmt"/>
        <line num="2" count="0" type="stmt"/>
        <line num="3" count="0" type="stmt"/>
        <line num="4" count="0" type="stmt"/>
        <line num="5" count="0" type="stmt"/>
        <line num="6" count="0" type="stmt"/>
        <line num="14" count="0" type="stmt"/>
      </file>
      <file name="metrics.service.ts" path="/Users/maksymilian/Work/ynov/m2/final/penpal-ai-monitoring-service/src/modules/metrics/metrics.service.ts">
        <metrics statements="61" coveredstatements="56" conditionals="15" coveredconditionals="13" methods="10" coveredmethods="10"/>
        <line num="1" count="6" type="stmt"/>
        <line num="2" count="6" type="stmt"/>
        <line num="3" count="6" type="stmt"/>
        <line num="4" count="6" type="stmt"/>
        <line num="5" count="6" type="stmt"/>
        <line num="6" count="6" type="stmt"/>
        <line num="7" count="6" type="stmt"/>
        <line num="10" count="6" type="stmt"/>
        <line num="11" count="17" type="stmt"/>
        <line num="14" count="17" type="stmt"/>
        <line num="15" count="17" type="stmt"/>
        <line num="16" count="17" type="stmt"/>
        <line num="17" count="17" type="stmt"/>
        <line num="21" count="6" type="stmt"/>
        <line num="22" count="4" type="stmt"/>
        <line num="24" count="4" type="stmt"/>
        <line num="26" count="4" type="stmt"/>
        <line num="29" count="4" type="stmt"/>
        <line num="31" count="0" type="stmt"/>
        <line num="36" count="4" type="stmt"/>
        <line num="38" count="4" type="stmt"/>
        <line num="39" count="8" type="stmt"/>
        <line num="45" count="8" type="stmt"/>
        <line num="53" count="4" type="stmt"/>
        <line num="55" count="4" type="stmt"/>
        <line num="58" count="4" type="stmt"/>
        <line num="61" count="4" type="stmt"/>
        <line num="63" count="0" type="stmt"/>
        <line num="68" count="4" type="stmt"/>
        <line num="69" count="4" type="stmt"/>
        <line num="73" count="4" type="stmt"/>
        <line num="79" count="4" type="cond" truecount="1" falsecount="0"/>
        <line num="81" count="4" type="stmt"/>
        <line num="83" count="4" type="cond" truecount="1" falsecount="0"/>
        <line num="84" count="1" type="stmt"/>
        <line num="87" count="4" type="cond" truecount="1" falsecount="0"/>
        <line num="88" count="1" type="stmt"/>
        <line num="91" count="4" type="cond" truecount="1" falsecount="0"/>
        <line num="93" count="1" type="stmt"/>
        <line num="94" count="2" type="stmt"/>
        <line num="101" count="4" type="cond" truecount="1" falsecount="0"/>
        <line num="102" count="1" type="stmt"/>
        <line num="103" count="2" type="stmt"/>
        <line num="111" count="0" type="stmt"/>
        <line num="116" count="4" type="stmt"/>
        <line num="117" count="4" type="stmt"/>
        <line num="121" count="4" type="stmt"/>
        <line num="127" count="4" type="cond" truecount="4" falsecount="1"/>
        <line num="128" count="1" type="stmt"/>
        <line num="131" count="0" type="stmt"/>
        <line num="139" count="4" type="stmt"/>
        <line num="140" count="4" type="stmt"/>
        <line num="144" count="4" type="stmt"/>
        <line num="150" count="4" type="cond" truecount="4" falsecount="1"/>
        <line num="151" count="1" type="stmt"/>
        <line num="154" count="0" type="stmt"/>
        <line num="159" count="6" type="stmt"/>
        <line num="161" count="5" type="stmt"/>
        <line num="178" count="6" type="stmt"/>
        <line num="180" count="5" type="stmt"/>
        <line num="182" count="10" type="stmt"/>
      </file>
      <file name="prometheus.service.ts" path="/Users/maksymilian/Work/ynov/m2/final/penpal-ai-monitoring-service/src/modules/metrics/prometheus.service.ts">
        <metrics statements="36" coveredstatements="35" conditionals="9" coveredconditionals="8" methods="15" coveredmethods="14"/>
        <line num="1" count="7" type="stmt"/>
        <line num="2" count="7" type="stmt"/>
        <line num="11" count="7" type="stmt"/>
        <line num="26" count="32" type="stmt"/>
        <line num="29" count="32" type="stmt"/>
        <line num="32" count="32" type="stmt"/>
        <line num="39" count="32" type="stmt"/>
        <line num="48" count="32" type="stmt"/>
        <line num="55" count="32" type="stmt"/>
        <line num="63" count="32" type="stmt"/>
        <line num="69" count="32" type="stmt"/>
        <line num="75" count="32" type="stmt"/>
        <line num="82" count="32" type="stmt"/>
        <line num="89" count="32" type="stmt"/>
        <line num="96" count="32" type="stmt"/>
        <line num="103" count="32" type="stmt"/>
        <line num="113" count="0" type="stmt"/>
        <line num="123" count="11" type="stmt"/>
        <line num="137" count="5" type="stmt"/>
        <line num="146" count="8" type="stmt"/>
        <line num="153" count="6" type="stmt"/>
        <line num="161" count="8" type="stmt"/>
        <line num="165" count="5" type="stmt"/>
        <line num="169" count="7" type="stmt"/>
        <line num="173" count="6" type="stmt"/>
        <line num="177" count="8" type="stmt"/>
        <line num="181" count="9" type="stmt"/>
        <line num="182" count="9" type="cond" truecount="1" falsecount="0"/>
        <line num="183" count="5" type="cond" truecount="2" falsecount="0"/>
        <line num="184" count="3" type="cond" truecount="2" falsecount="0"/>
        <line num="185" count="1" type="cond" truecount="1" falsecount="1"/>
        <line num="186" count="1" type="stmt"/>
        <line num="188" count="9" type="stmt"/>
        <line num="192" count="6" type="stmt"/>
        <line num="196" count="29" type="stmt"/>
        <line num="200" count="2" type="stmt"/>
      </file>
    </package>
    <package name="src.modules.monitoring">
      <metrics statements="55" coveredstatements="48" conditionals="11" coveredconditionals="11" methods="17" coveredmethods="17"/>
      <file name="monitoring.controller.ts" path="/Users/maksymilian/Work/ynov/m2/final/penpal-ai-monitoring-service/src/modules/monitoring/monitoring.controller.ts">
        <metrics statements="13" coveredstatements="13" conditionals="0" coveredconditionals="0" methods="5" coveredmethods="5"/>
        <line num="1" count="1" type="stmt"/>
        <line num="2" count="1" type="stmt"/>
        <line num="3" count="1" type="stmt"/>
        <line num="7" count="1" type="stmt"/>
        <line num="8" count="34" type="stmt"/>
        <line num="13" count="1" type="stmt"/>
        <line num="14" count="12" type="stmt"/>
        <line num="20" count="1" type="stmt"/>
        <line num="21" count="11" type="stmt"/>
        <line num="32" count="1" type="stmt"/>
        <line num="33" count="15" type="stmt"/>
        <line num="39" count="1" type="stmt"/>
        <line num="40" count="12" type="stmt"/>
      </file>
      <file name="monitoring.module.ts" path="/Users/maksymilian/Work/ynov/m2/final/penpal-ai-monitoring-service/src/modules/monitoring/monitoring.module.ts">
        <metrics statements="7" coveredstatements="0" conditionals="0" coveredconditionals="0" methods="0" coveredmethods="0"/>
        <line num="1" count="0" type="stmt"/>
        <line num="2" count="0" type="stmt"/>
        <line num="3" count="0" type="stmt"/>
        <line num="4" count="0" type="stmt"/>
        <line num="5" count="0" type="stmt"/>
        <line num="6" count="0" type="stmt"/>
        <line num="14" count="0" type="stmt"/>
      </file>
      <file name="monitoring.service.ts" path="/Users/maksymilian/Work/ynov/m2/final/penpal-ai-monitoring-service/src/modules/monitoring/monitoring.service.ts">
        <metrics statements="35" coveredstatements="35" conditionals="11" coveredconditionals="11" methods="12" coveredmethods="12"/>
        <line num="1" count="4" type="stmt"/>
        <line num="2" count="4" type="stmt"/>
        <line num="3" count="4" type="stmt"/>
        <line num="6" count="4" type="stmt"/>
        <line num="7" count="27" type="stmt"/>
        <line num="10" count="27" type="stmt"/>
        <line num="11" count="27" type="stmt"/>
        <line num="15" count="10" type="stmt"/>
        <line num="16" count="9" type="stmt"/>
        <line num="18" count="9" type="stmt"/>
        <line num="36" count="22" type="stmt"/>
        <line num="37" count="21" type="stmt"/>
        <line num="40" count="21" type="stmt"/>
        <line num="41" count="41" type="cond" truecount="2" falsecount="0"/>
        <line num="42" count="22" type="stmt"/>
        <line num="50" count="19" type="cond" truecount="1" falsecount="0"/>
        <line num="51" count="1" type="stmt"/>
        <line num="62" count="21" type="stmt"/>
        <line num="64" count="21" type="stmt"/>
        <line num="66" count="21" type="cond" truecount="1" falsecount="0"/>
        <line num="67" count="21" type="stmt"/>
        <line num="76" count="21" type="stmt"/>
        <line num="79" count="44" type="stmt"/>
        <line num="80" count="44" type="stmt"/>
        <line num="82" count="25" type="cond" truecount="4" falsecount="0"/>
        <line num="88" count="9" type="stmt"/>
        <line num="92" count="8" type="stmt"/>
        <line num="93" count="16" type="stmt"/>
        <line num="97" count="8" type="stmt"/>
        <line num="106" count="16" type="stmt"/>
        <line num="115" count="5" type="stmt"/>
        <line num="117" count="4" type="stmt"/>
        <line num="127" count="8" type="stmt"/>
        <line num="137" count="9" type="stmt"/>
        <line num="138" count="9" type="stmt"/>
      </file>
    </package>
  </project>
</coverage>
