<?xml version="1.0" encoding="UTF-8"?>
<coverage generated="1755162843761" clover="3.2.0">
  <project timestamp="1755162843761" name="All files">
    <metrics statements="76" coveredstatements="30" conditionals="15" coveredconditionals="0" methods="15" coveredmethods="6" elements="106" coveredelements="36" complexity="0" loc="76" ncloc="76" packages="1" files="2" classes="2"/>
    <file name="metrics.controller.ts" path="/Users/antoine/Documents/Penpal/penpal-ai-monitoring-service/src/modules/metrics/metrics.controller.ts">
      <metrics statements="15" coveredstatements="14" conditionals="0" coveredconditionals="0" methods="5" coveredmethods="4"/>
      <line num="1" count="1" type="stmt"/>
      <line num="2" count="1" type="stmt"/>
      <line num="3" count="1" type="stmt"/>
      <line num="4" count="1" type="stmt"/>
      <line num="8" count="1" type="stmt"/>
      <line num="10" count="3" type="stmt"/>
      <line num="11" count="3" type="stmt"/>
      <line num="19" count="1" type="stmt"/>
      <line num="20" count="1" type="stmt"/>
      <line num="26" count="1" type="stmt"/>
      <line num="27" count="3" type="stmt"/>
      <line num="32" count="1" type="stmt"/>
      <line num="33" count="1" type="stmt"/>
      <line num="39" count="1" type="stmt"/>
      <line num="40" count="0" type="stmt"/>
    </file>
    <file name="metrics.service.ts" path="/Users/antoine/Documents/Penpal/penpal-ai-monitoring-service/src/modules/metrics/metrics.service.ts">
      <metrics statements="61" coveredstatements="16" conditionals="15" coveredconditionals="0" methods="10" coveredmethods="2"/>
      <line num="1" count="2" type="stmt"/>
      <line num="2" count="2" type="stmt"/>
      <line num="3" count="2" type="stmt"/>
      <line num="4" count="2" type="stmt"/>
      <line num="5" count="2" type="stmt"/>
      <line num="6" count="2" type="stmt"/>
      <line num="7" count="2" type="stmt"/>
      <line num="10" count="2" type="stmt"/>
      <line num="11" count="2" type="stmt"/>
      <line num="14" count="2" type="stmt"/>
      <line num="15" count="2" type="stmt"/>
      <line num="16" count="2" type="stmt"/>
      <line num="17" count="2" type="stmt"/>
      <line num="21" count="2" type="stmt"/>
      <line num="22" count="0" type="stmt"/>
      <line num="24" count="0" type="stmt"/>
      <line num="26" count="0" type="stmt"/>
      <line num="29" count="0" type="stmt"/>
      <line num="31" count="0" type="stmt"/>
      <line num="36" count="0" type="stmt"/>
      <line num="38" count="0" type="stmt"/>
      <line num="39" count="0" type="stmt"/>
      <line num="45" count="0" type="stmt"/>
      <line num="53" count="0" type="stmt"/>
      <line num="55" count="0" type="stmt"/>
      <line num="58" count="0" type="stmt"/>
      <line num="61" count="0" type="stmt"/>
      <line num="63" count="0" type="stmt"/>
      <line num="68" count="0" type="stmt"/>
      <line num="69" count="0" type="stmt"/>
      <line num="73" count="0" type="stmt"/>
      <line num="79" count="0" type="cond" truecount="0" falsecount="1"/>
      <line num="81" count="0" type="stmt"/>
      <line num="83" count="0" type="cond" truecount="0" falsecount="1"/>
      <line num="84" count="0" type="stmt"/>
      <line num="87" count="0" type="cond" truecount="0" falsecount="1"/>
      <line num="88" count="0" type="stmt"/>
      <line num="91" count="0" type="cond" truecount="0" falsecount="1"/>
      <line num="93" count="0" type="stmt"/>
      <line num="94" count="0" type="stmt"/>
      <line num="101" count="0" type="cond" truecount="0" falsecount="1"/>
      <line num="102" count="0" type="stmt"/>
      <line num="103" count="0" type="stmt"/>
      <line num="111" count="0" type="stmt"/>
      <line num="116" count="0" type="stmt"/>
      <line num="117" count="0" type="stmt"/>
      <line num="121" count="0" type="stmt"/>
      <line num="127" count="0" type="cond" truecount="0" falsecount="5"/>
      <line num="128" count="0" type="stmt"/>
      <line num="131" count="0" type="stmt"/>
      <line num="139" count="0" type="stmt"/>
      <line num="140" count="0" type="stmt"/>
      <line num="144" count="0" type="stmt"/>
      <line num="150" count="0" type="cond" truecount="0" falsecount="5"/>
      <line num="151" count="0" type="stmt"/>
      <line num="154" count="0" type="stmt"/>
      <line num="159" count="1" type="stmt"/>
      <line num="161" count="1" type="stmt"/>
      <line num="178" count="0" type="stmt"/>
      <line num="180" count="0" type="stmt"/>
      <line num="182" count="0" type="stmt"/>
    </file>
  </project>
</coverage>
