{"/Users/antoine/Documents/Penpal/penpal-ai-monitoring-service/src/modules/metrics/metrics.controller.ts": {"path":"/Users/antoine/Documents/Penpal/penpal-ai-monitoring-service/src/modules/metrics/metrics.controller.ts","statementMap":{"0":{"start":{"line":1,"column":0},"end":{"line":1,"column":57}},"1":{"start":{"line":2,"column":0},"end":{"line":2,"column":69}},"2":{"start":{"line":3,"column":0},"end":{"line":3,"column":51}},"3":{"start":{"line":4,"column":0},"end":{"line":4,"column":57}},"4":{"start":{"line":8,"column":7},"end":{"line":22,"column":null}},"5":{"start":{"line":10,"column":21},"end":{"line":10,"column":37}},"6":{"start":{"line":11,"column":21},"end":{"line":11,"column":40}},"7":{"start":{"line":20,"column":4},"end":{"line":20,"column":47}},"8":{"start":{"line":8,"column":13},"end":{"line":8,"column":30}},"9":{"start":{"line":19,"column":8},"end":{"line":21,"column":null}},"10":{"start":{"line":8,"column":13},"end":{"line":22,"column":null}},"11":{"start":{"line":26,"column":7},"end":{"line":42,"column":null}},"12":{"start":{"line":27,"column":31},"end":{"line":27,"column":47}},"13":{"start":{"line":33,"column":4},"end":{"line":33,"column":51}},"14":{"start":{"line":40,"column":4},"end":{"line":40,"column":52}},"15":{"start":{"line":26,"column":13},"end":{"line":26,"column":33}},"16":{"start":{"line":32,"column":8},"end":{"line":34,"column":null}},"17":{"start":{"line":39,"column":8},"end":{"line":41,"column":null}},"18":{"start":{"line":26,"column":13},"end":{"line":42,"column":null}}},"fnMap":{"0":{"name":"(anonymous_2)","decl":{"start":{"line":9,"column":2},"end":{"line":9,"column":null}},"loc":{"start":{"line":11,"column":57},"end":{"line":12,"column":6}}},"1":{"name":"(anonymous_3)","decl":{"start":{"line":19,"column":2},"end":{"line":19,"column":7}},"loc":{"start":{"line":19,"column":18},"end":{"line":21,"column":3}}},"2":{"name":"(anonymous_4)","decl":{"start":{"line":27,"column":2},"end":{"line":27,"column":31}},"loc":{"start":{"line":27,"column":61},"end":{"line":27,"column":65}}},"3":{"name":"(anonymous_5)","decl":{"start":{"line":32,"column":2},"end":{"line":32,"column":7}},"loc":{"start":{"line":32,"column":25},"end":{"line":34,"column":3}}},"4":{"name":"(anonymous_6)","decl":{"start":{"line":39,"column":2},"end":{"line":39,"column":7}},"loc":{"start":{"line":39,"column":26},"end":{"line":41,"column":3}}}},"branchMap":{},"s":{"0":1,"1":1,"2":1,"3":1,"4":1,"5":3,"6":3,"7":1,"8":1,"9":1,"10":1,"11":1,"12":3,"13":1,"14":0,"15":1,"16":1,"17":1,"18":1},"f":{"0":3,"1":1,"2":3,"3":1,"4":0},"b":{}}
,"/Users/antoine/Documents/Penpal/penpal-ai-monitoring-service/src/modules/metrics/metrics.service.ts": {"path":"/Users/antoine/Documents/Penpal/penpal-ai-monitoring-service/src/modules/metrics/metrics.service.ts","statementMap":{"0":{"start":{"line":1,"column":0},"end":{"line":1,"column":52}},"1":{"start":{"line":2,"column":0},"end":{"line":2,"column":56}},"2":{"start":{"line":3,"column":0},"end":{"line":3,"column":44}},"3":{"start":{"line":4,"column":0},"end":{"line":4,"column":47}},"4":{"start":{"line":5,"column":0},"end":{"line":5,"column":38}},"5":{"start":{"line":6,"column":0},"end":{"line":6,"column":57}},"6":{"start":{"line":7,"column":0},"end":{"line":7,"column":57}},"7":{"start":{"line":10,"column":27},"end":{"line":191,"column":null}},"8":{"start":{"line":14,"column":21},"end":{"line":14,"column":34}},"9":{"start":{"line":15,"column":21},"end":{"line":15,"column":40}},"10":{"start":{"line":16,"column":21},"end":{"line":16,"column":36}},"11":{"start":{"line":17,"column":21},"end":{"line":17,"column":36}},"12":{"start":{"line":11,"column":19},"end":{"line":11,"column":60}},"13":{"start":{"line":22,"column":4},"end":{"line":22,"column":65}},"14":{"start":{"line":24,"column":4},"end":{"line":32,"column":5}},"15":{"start":{"line":26,"column":6},"end":{"line":26,"column":40}},"16":{"start":{"line":29,"column":6},"end":{"line":29,"column":42}},"17":{"start":{"line":31,"column":6},"end":{"line":31,"column":68}},"18":{"start":{"line":36,"column":21},"end":{"line":36,"column":64}},"19":{"start":{"line":38,"column":4},"end":{"line":49,"column":5}},"20":{"start":{"line":39,"column":6},"end":{"line":43,"column":8}},"21":{"start":{"line":45,"column":6},"end":{"line":48,"column":8}},"22":{"start":{"line":53,"column":4},"end":{"line":64,"column":5}},"23":{"start":{"line":55,"column":6},"end":{"line":55,"column":38}},"24":{"start":{"line":58,"column":6},"end":{"line":58,"column":46}},"25":{"start":{"line":61,"column":6},"end":{"line":61,"column":41}},"26":{"start":{"line":63,"column":6},"end":{"line":63,"column":76}},"27":{"start":{"line":68,"column":4},"end":{"line":112,"column":5}},"28":{"start":{"line":69,"column":29},"end":{"line":71,"column":null}},"29":{"start":{"line":73,"column":23},"end":{"line":76,"column":null}},"30":{"start":{"line":79,"column":6},"end":{"line":109,"column":7}},"31":{"start":{"line":81,"column":10},"end":{"line":81,"column":23}},"32":{"start":{"line":83,"column":8},"end":{"line":85,"column":9}},"33":{"start":{"line":84,"column":10},"end":{"line":84,"column":61}},"34":{"start":{"line":87,"column":8},"end":{"line":89,"column":9}},"35":{"start":{"line":88,"column":10},"end":{"line":88,"column":59}},"36":{"start":{"line":91,"column":8},"end":{"line":99,"column":9}},"37":{"start":{"line":93,"column":10},"end":{"line":98,"column":11}},"38":{"start":{"line":94,"column":12},"end":{"line":97,"column":14}},"39":{"start":{"line":101,"column":8},"end":{"line":108,"column":9}},"40":{"start":{"line":102,"column":10},"end":{"line":107,"column":11}},"41":{"start":{"line":103,"column":12},"end":{"line":106,"column":14}},"42":{"start":{"line":111,"column":6},"end":{"line":111,"column":74}},"43":{"start":{"line":116,"column":4},"end":{"line":135,"column":5}},"44":{"start":{"line":117,"column":27},"end":{"line":119,"column":null}},"45":{"start":{"line":121,"column":23},"end":{"line":124,"column":null}},"46":{"start":{"line":127,"column":6},"end":{"line":129,"column":7}},"47":{"start":{"line":128,"column":8},"end":{"line":128,"column":65}},"48":{"start":{"line":131,"column":6},"end":{"line":134,"column":8}},"49":{"start":{"line":139,"column":4},"end":{"line":155,"column":5}},"50":{"start":{"line":140,"column":32},"end":{"line":142,"column":null}},"51":{"start":{"line":144,"column":23},"end":{"line":147,"column":null}},"52":{"start":{"line":150,"column":6},"end":{"line":152,"column":7}},"53":{"start":{"line":151,"column":8},"end":{"line":151,"column":60}},"54":{"start":{"line":154,"column":6},"end":{"line":154,"column":77}},"55":{"start":{"line":159,"column":26},"end":{"line":159,"column":69}},"56":{"start":{"line":161,"column":4},"end":{"line":174,"column":6}},"57":{"start":{"line":178,"column":21},"end":{"line":178,"column":64}},"58":{"start":{"line":180,"column":4},"end":{"line":189,"column":6}},"59":{"start":{"line":182,"column":43},"end":{"line":188,"column":8}},"60":{"start":{"line":10,"column":13},"end":{"line":10,"column":27}},"61":{"start":{"line":21,"column":8},"end":{"line":33,"column":null}},"62":{"start":{"line":10,"column":13},"end":{"line":191,"column":null}}},"fnMap":{"0":{"name":"(anonymous_2)","decl":{"start":{"line":13,"column":2},"end":{"line":13,"column":null}},"loc":{"start":{"line":17,"column":49},"end":{"line":18,"column":6}}},"1":{"name":"(anonymous_3)","decl":{"start":{"line":21,"column":2},"end":{"line":21,"column":7}},"loc":{"start":{"line":21,"column":22},"end":{"line":33,"column":3}}},"2":{"name":"(anonymous_4)","decl":{"start":{"line":35,"column":10},"end":{"line":35,"column":15}},"loc":{"start":{"line":35,"column":36},"end":{"line":50,"column":3}}},"3":{"name":"(anonymous_5)","decl":{"start":{"line":52,"column":10},"end":{"line":52,"column":15}},"loc":{"start":{"line":52,"column":38},"end":{"line":65,"column":3}}},"4":{"name":"(anonymous_6)","decl":{"start":{"line":67,"column":10},"end":{"line":67,"column":15}},"loc":{"start":{"line":67,"column":34},"end":{"line":113,"column":3}}},"5":{"name":"(anonymous_7)","decl":{"start":{"line":115,"column":10},"end":{"line":115,"column":15}},"loc":{"start":{"line":115,"column":42},"end":{"line":136,"column":3}}},"6":{"name":"(anonymous_8)","decl":{"start":{"line":138,"column":10},"end":{"line":138,"column":15}},"loc":{"start":{"line":138,"column":37},"end":{"line":156,"column":3}}},"7":{"name":"(anonymous_9)","decl":{"start":{"line":158,"column":2},"end":{"line":158,"column":7}},"loc":{"start":{"line":158,"column":25},"end":{"line":175,"column":3}}},"8":{"name":"(anonymous_10)","decl":{"start":{"line":177,"column":2},"end":{"line":177,"column":7}},"loc":{"start":{"line":177,"column":26},"end":{"line":190,"column":3}}},"9":{"name":"(anonymous_11)","decl":{"start":{"line":182,"column":29},"end":{"line":182,"column":30}},"loc":{"start":{"line":182,"column":43},"end":{"line":188,"column":8}}}},"branchMap":{"0":{"loc":{"start":{"line":79,"column":6},"end":{"line":109,"column":7}},"type":"if","locations":[{"start":{"line":79,"column":6},"end":{"line":109,"column":7}}]},"1":{"loc":{"start":{"line":83,"column":8},"end":{"line":85,"column":9}},"type":"if","locations":[{"start":{"line":83,"column":8},"end":{"line":85,"column":9}}]},"2":{"loc":{"start":{"line":87,"column":8},"end":{"line":89,"column":9}},"type":"if","locations":[{"start":{"line":87,"column":8},"end":{"line":89,"column":9}}]},"3":{"loc":{"start":{"line":91,"column":8},"end":{"line":99,"column":9}},"type":"if","locations":[{"start":{"line":91,"column":8},"end":{"line":99,"column":9}}]},"4":{"loc":{"start":{"line":101,"column":8},"end":{"line":108,"column":9}},"type":"if","locations":[{"start":{"line":101,"column":8},"end":{"line":108,"column":9}}]},"5":{"loc":{"start":{"line":127,"column":6},"end":{"line":129,"column":7}},"type":"if","locations":[{"start":{"line":127,"column":6},"end":{"line":129,"column":7}}]},"6":{"loc":{"start":{"line":127,"column":10},"end":{"line":127,"column":41}},"type":"cond-expr","locations":[{"start":{"line":127,"column":23},"end":{"line":127,"column":25}},{"start":{"line":127,"column":23},"end":{"line":127,"column":41}}]},"7":{"loc":{"start":{"line":127,"column":10},"end":{"line":127,"column":25}},"type":"binary-expr","locations":[{"start":{"line":127,"column":10},"end":{"line":127,"column":25}},{"start":{"line":127,"column":23},"end":{"line":127,"column":25}}]},"8":{"loc":{"start":{"line":150,"column":6},"end":{"line":152,"column":7}},"type":"if","locations":[{"start":{"line":150,"column":6},"end":{"line":152,"column":7}}]},"9":{"loc":{"start":{"line":150,"column":10},"end":{"line":150,"column":43}},"type":"cond-expr","locations":[{"start":{"line":150,"column":23},"end":{"line":150,"column":25}},{"start":{"line":150,"column":23},"end":{"line":150,"column":43}}]},"10":{"loc":{"start":{"line":150,"column":10},"end":{"line":150,"column":25}},"type":"binary-expr","locations":[{"start":{"line":150,"column":10},"end":{"line":150,"column":25}},{"start":{"line":150,"column":23},"end":{"line":150,"column":25}}]}},"s":{"0":2,"1":2,"2":2,"3":2,"4":2,"5":2,"6":2,"7":2,"8":2,"9":2,"10":2,"11":2,"12":2,"13":0,"14":0,"15":0,"16":0,"17":0,"18":0,"19":0,"20":0,"21":0,"22":0,"23":0,"24":0,"25":0,"26":0,"27":0,"28":0,"29":0,"30":0,"31":0,"32":0,"33":0,"34":0,"35":0,"36":0,"37":0,"38":0,"39":0,"40":0,"41":0,"42":0,"43":0,"44":0,"45":0,"46":0,"47":0,"48":0,"49":0,"50":0,"51":0,"52":0,"53":0,"54":0,"55":1,"56":1,"57":0,"58":0,"59":0,"60":2,"61":2,"62":2},"f":{"0":2,"1":0,"2":0,"3":0,"4":0,"5":0,"6":0,"7":1,"8":0,"9":0},"b":{"0":[0],"1":[0],"2":[0],"3":[0],"4":[0],"5":[0],"6":[0,0],"7":[0,0],"8":[0],"9":[0,0],"10":[0,0]}}
}
