{"total": {"lines":{"total":15,"covered":14,"skipped":0,"pct":93.33},"statements":{"total":19,"covered":18,"skipped":0,"pct":94.73},"functions":{"total":5,"covered":4,"skipped":0,"pct":80},"branches":{"total":0,"covered":0,"skipped":0,"pct":100},"branchesTrue":{"total":0,"covered":0,"skipped":0,"pct":"Unknown"}}
,"/Users/antoine/Documents/Penpal/penpal-ai-monitoring-service/src/modules/metrics/metrics.controller.ts": {"lines":{"total":15,"covered":14,"skipped":0,"pct":93.33},"functions":{"total":5,"covered":4,"skipped":0,"pct":80},"statements":{"total":19,"covered":18,"skipped":0,"pct":94.73},"branches":{"total":0,"covered":0,"skipped":0,"pct":100}}
}
