{"/Users/maksymilian/Work/ynov/m2/final/penpal-ai-monitoring-service/src/app.controller.ts": {"path":"/Users/maksymilian/Work/ynov/m2/final/penpal-ai-monitoring-service/src/app.controller.ts","statementMap":{"0":{"start":{"line":1,"column":0},"end":{"line":1,"column":49}},"1":{"start":{"line":2,"column":0},"end":{"line":2,"column":69}},"2":{"start":{"line":3,"column":0},"end":{"line":3,"column":43}},"3":{"start":{"line":7,"column":7},"end":{"line":29,"column":null}},"4":{"start":{"line":8,"column":31},"end":{"line":8,"column":43}},"5":{"start":{"line":17,"column":4},"end":{"line":17,"column":44}},"6":{"start":{"line":27,"column":4},"end":{"line":27,"column":39}},"7":{"start":{"line":7,"column":13},"end":{"line":7,"column":26}},"8":{"start":{"line":16,"column":2},"end":{"line":18,"column":null}},"9":{"start":{"line":26,"column":2},"end":{"line":28,"column":null}},"10":{"start":{"line":7,"column":13},"end":{"line":29,"column":null}}},"fnMap":{"0":{"name":"(anonymous_2)","decl":{"start":{"line":8,"column":2},"end":{"line":8,"column":31}},"loc":{"start":{"line":8,"column":53},"end":{"line":8,"column":57}}},"1":{"name":"(anonymous_3)","decl":{"start":{"line":16,"column":2},"end":{"line":16,"column":16}},"loc":{"start":{"line":16,"column":16},"end":{"line":18,"column":3}}},"2":{"name":"(anonymous_4)","decl":{"start":{"line":26,"column":2},"end":{"line":26,"column":11}},"loc":{"start":{"line":26,"column":11},"end":{"line":28,"column":3}}}},"branchMap":{},"s":{"0":1,"1":1,"2":1,"3":1,"4":5,"5":2,"6":2,"7":1,"8":1,"9":1,"10":1},"f":{"0":5,"1":2,"2":2},"b":{}}
,"/Users/maksymilian/Work/ynov/m2/final/penpal-ai-monitoring-service/src/app.module.ts": {"path":"/Users/maksymilian/Work/ynov/m2/final/penpal-ai-monitoring-service/src/app.module.ts","statementMap":{"0":{"start":{"line":1,"column":0},"end":{"line":1,"column":40}},"1":{"start":{"line":2,"column":0},"end":{"line":2,"column":46}},"2":{"start":{"line":3,"column":0},"end":{"line":3,"column":50}},"3":{"start":{"line":4,"column":0},"end":{"line":4,"column":50}},"4":{"start":{"line":5,"column":0},"end":{"line":5,"column":43}},"5":{"start":{"line":7,"column":0},"end":{"line":7,"column":49}},"6":{"start":{"line":8,"column":0},"end":{"line":8,"column":43}},"7":{"start":{"line":9,"column":0},"end":{"line":9,"column":62}},"8":{"start":{"line":10,"column":0},"end":{"line":10,"column":65}},"9":{"start":{"line":11,"column":0},"end":{"line":11,"column":74}},"10":{"start":{"line":12,"column":0},"end":{"line":12,"column":71}},"11":{"start":{"line":40,"column":7},"end":{"line":40,"column":null}},"12":{"start":{"line":40,"column":13},"end":{"line":40,"column":22}},"13":{"start":{"line":40,"column":13},"end":{"line":40,"column":null}}},"fnMap":{},"branchMap":{},"s":{"0":0,"1":0,"2":0,"3":0,"4":0,"5":0,"6":0,"7":0,"8":0,"9":0,"10":0,"11":0,"12":0,"13":0},"f":{},"b":{}}
,"/Users/maksymilian/Work/ynov/m2/final/penpal-ai-monitoring-service/src/app.service.ts": {"path":"/Users/maksymilian/Work/ynov/m2/final/penpal-ai-monitoring-service/src/app.service.ts","statementMap":{"0":{"start":{"line":1,"column":0},"end":{"line":1,"column":44}},"1":{"start":{"line":4,"column":7},"end":{"line":36,"column":null}},"2":{"start":{"line":6,"column":4},"end":{"line":24,"column":6}},"3":{"start":{"line":28,"column":4},"end":{"line":34,"column":6}},"4":{"start":{"line":4,"column":13},"end":{"line":4,"column":23}},"5":{"start":{"line":4,"column":13},"end":{"line":36,"column":null}}},"fnMap":{"0":{"name":"(anonymous_1)","decl":{"start":{"line":5,"column":2},"end":{"line":5,"column":16}},"loc":{"start":{"line":5,"column":16},"end":{"line":25,"column":3}}},"1":{"name":"(anonymous_2)","decl":{"start":{"line":27,"column":2},"end":{"line":27,"column":11}},"loc":{"start":{"line":27,"column":11},"end":{"line":35,"column":3}}}},"branchMap":{},"s":{"0":2,"1":2,"2":2,"3":4,"4":2,"5":2},"f":{"0":2,"1":4},"b":{}}
,"/Users/maksymilian/Work/ynov/m2/final/penpal-ai-monitoring-service/src/modules/dashboard/dashboard.controller.ts": {"path":"/Users/maksymilian/Work/ynov/m2/final/penpal-ai-monitoring-service/src/modules/dashboard/dashboard.controller.ts","statementMap":{"0":{"start":{"line":1,"column":0},"end":{"line":1,"column":56}},"1":{"start":{"line":2,"column":0},"end":{"line":2,"column":79}},"2":{"start":{"line":3,"column":0},"end":{"line":3,"column":55}},"3":{"start":{"line":7,"column":7},"end":{"line":46,"column":null}},"4":{"start":{"line":8,"column":31},"end":{"line":8,"column":49}},"5":{"start":{"line":17,"column":4},"end":{"line":17,"column":56}},"6":{"start":{"line":24,"column":4},"end":{"line":24,"column":50}},"7":{"start":{"line":44,"column":4},"end":{"line":44,"column":63}},"8":{"start":{"line":7,"column":13},"end":{"line":7,"column":32}},"9":{"start":{"line":16,"column":8},"end":{"line":18,"column":null}},"10":{"start":{"line":23,"column":8},"end":{"line":25,"column":null}},"11":{"start":{"line":40,"column":8},"end":{"line":45,"column":null}},"12":{"start":{"line":7,"column":13},"end":{"line":46,"column":null}}},"fnMap":{"0":{"name":"(anonymous_4)","decl":{"start":{"line":8,"column":2},"end":{"line":8,"column":31}},"loc":{"start":{"line":8,"column":65},"end":{"line":8,"column":69}}},"1":{"name":"(anonymous_5)","decl":{"start":{"line":16,"column":2},"end":{"line":16,"column":7}},"loc":{"start":{"line":16,"column":28},"end":{"line":18,"column":3}}},"2":{"name":"(anonymous_6)","decl":{"start":{"line":23,"column":2},"end":{"line":23,"column":7}},"loc":{"start":{"line":23,"column":22},"end":{"line":25,"column":3}}},"3":{"name":"(anonymous_7)","decl":{"start":{"line":40,"column":2},"end":{"line":40,"column":7}},"loc":{"start":{"line":42,"column":49},"end":{"line":45,"column":3}}}},"branchMap":{"0":{"loc":{"start":{"line":41,"column":21},"end":{"line":41,"column":44}},"type":"default-arg","locations":[{"start":{"line":41,"column":38},"end":{"line":41,"column":44}}]},"1":{"loc":{"start":{"line":42,"column":24},"end":{"line":42,"column":49}},"type":"default-arg","locations":[{"start":{"line":42,"column":44},"end":{"line":42,"column":49}}]}},"s":{"0":1,"1":1,"2":1,"3":1,"4":28,"5":14,"6":12,"7":8,"8":1,"9":1,"10":1,"11":1,"12":1},"f":{"0":28,"1":14,"2":12,"3":8},"b":{"0":[1],"1":[1]}}
,"/Users/maksymilian/Work/ynov/m2/final/penpal-ai-monitoring-service/src/modules/dashboard/dashboard.module.ts": {"path":"/Users/maksymilian/Work/ynov/m2/final/penpal-ai-monitoring-service/src/modules/dashboard/dashboard.module.ts","statementMap":{"0":{"start":{"line":1,"column":0},"end":{"line":1,"column":40}},"1":{"start":{"line":2,"column":0},"end":{"line":2,"column":61}},"2":{"start":{"line":3,"column":0},"end":{"line":3,"column":55}},"3":{"start":{"line":4,"column":0},"end":{"line":4,"column":67}},"4":{"start":{"line":5,"column":0},"end":{"line":5,"column":58}},"5":{"start":{"line":13,"column":7},"end":{"line":13,"column":null}},"6":{"start":{"line":13,"column":13},"end":{"line":13,"column":28}},"7":{"start":{"line":13,"column":13},"end":{"line":13,"column":null}}},"fnMap":{},"branchMap":{},"s":{"0":0,"1":0,"2":0,"3":0,"4":0,"5":0,"6":0,"7":0},"f":{},"b":{}}
,"/Users/maksymilian/Work/ynov/m2/final/penpal-ai-monitoring-service/src/modules/dashboard/dashboard.service.ts": {"path":"/Users/maksymilian/Work/ynov/m2/final/penpal-ai-monitoring-service/src/modules/dashboard/dashboard.service.ts","statementMap":{"0":{"start":{"line":1,"column":0},"end":{"line":1,"column":44}},"1":{"start":{"line":2,"column":0},"end":{"line":2,"column":69}},"2":{"start":{"line":3,"column":0},"end":{"line":3,"column":60}},"3":{"start":{"line":6,"column":7},"end":{"line":132,"column":null}},"4":{"start":{"line":8,"column":21},"end":{"line":8,"column":40}},"5":{"start":{"line":9,"column":21},"end":{"line":9,"column":37}},"6":{"start":{"line":13,"column":50},"end":{"line":17,"column":6}},"7":{"start":{"line":19,"column":4},"end":{"line":33,"column":6}},"8":{"start":{"line":37,"column":47},"end":{"line":41,"column":6}},"9":{"start":{"line":43,"column":4},"end":{"line":82,"column":6}},"10":{"start":{"line":66,"column":59},"end":{"line":69,"column":12}},"11":{"start":{"line":86,"column":51},"end":{"line":91,"column":6}},"12":{"start":{"line":93,"column":23},"end":{"line":106,"column":6}},"13":{"start":{"line":108,"column":4},"end":{"line":110,"column":5}},"14":{"start":{"line":109,"column":6},"end":{"line":109,"column":43}},"15":{"start":{"line":112,"column":4},"end":{"line":112,"column":22}},"16":{"start":{"line":117,"column":21},"end":{"line":117,"column":48}},"17":{"start":{"line":118,"column":22},"end":{"line":118,"column":72}},"18":{"start":{"line":119,"column":20},"end":{"line":124,"column":17}},"19":{"start":{"line":122,"column":10},"end":{"line":122,"column":97}},"20":{"start":{"line":126,"column":4},"end":{"line":130,"column":6}},"21":{"start":{"line":6,"column":13},"end":{"line":6,"column":29}},"22":{"start":{"line":6,"column":13},"end":{"line":132,"column":null}}},"fnMap":{"0":{"name":"(anonymous_2)","decl":{"start":{"line":7,"column":2},"end":{"line":7,"column":null}},"loc":{"start":{"line":9,"column":51},"end":{"line":10,"column":6}}},"1":{"name":"(anonymous_3)","decl":{"start":{"line":12,"column":2},"end":{"line":12,"column":7}},"loc":{"start":{"line":12,"column":28},"end":{"line":34,"column":3}}},"2":{"name":"(anonymous_4)","decl":{"start":{"line":36,"column":2},"end":{"line":36,"column":7}},"loc":{"start":{"line":36,"column":22},"end":{"line":83,"column":3}}},"3":{"name":"(anonymous_5)","decl":{"start":{"line":66,"column":45},"end":{"line":66,"column":46}},"loc":{"start":{"line":66,"column":59},"end":{"line":69,"column":12}}},"4":{"name":"(anonymous_6)","decl":{"start":{"line":85,"column":2},"end":{"line":85,"column":7}},"loc":{"start":{"line":85,"column":52},"end":{"line":113,"column":3}}},"5":{"name":"(anonymous_7)","decl":{"start":{"line":115,"column":10},"end":{"line":115,"column":22}},"loc":{"start":{"line":115,"column":32},"end":{"line":131,"column":3}}},"6":{"name":"(anonymous_8)","decl":{"start":{"line":121,"column":8},"end":{"line":121,"column":9}},"loc":{"start":{"line":122,"column":10},"end":{"line":122,"column":97}}}},"branchMap":{"0":{"loc":{"start":{"line":108,"column":4},"end":{"line":110,"column":5}},"type":"if","locations":[{"start":{"line":108,"column":4},"end":{"line":110,"column":5}}]}},"s":{"0":2,"1":2,"2":2,"3":2,"4":27,"5":27,"6":13,"7":10,"8":11,"9":9,"10":18,"11":12,"12":11,"13":11,"14":2,"15":9,"16":2,"17":2,"18":2,"19":4,"20":2,"21":2,"22":2},"f":{"0":27,"1":13,"2":11,"3":18,"4":12,"5":2,"6":4},"b":{"0":[2]}}
,"/Users/maksymilian/Work/ynov/m2/final/penpal-ai-monitoring-service/src/modules/health/health.controller.ts": {"path":"/Users/maksymilian/Work/ynov/m2/final/penpal-ai-monitoring-service/src/modules/health/health.controller.ts","statementMap":{"0":{"start":{"line":1,"column":0},"end":{"line":1,"column":49}},"1":{"start":{"line":2,"column":0},"end":{"line":2,"column":69}},"2":{"start":{"line":3,"column":0},"end":{"line":3,"column":null}},"3":{"start":{"line":9,"column":0},"end":{"line":9,"column":49}},"4":{"start":{"line":14,"column":7},"end":{"line":48,"column":null}},"5":{"start":{"line":16,"column":12},"end":{"line":16,"column":20}},"6":{"start":{"line":17,"column":12},"end":{"line":17,"column":18}},"7":{"start":{"line":18,"column":12},"end":{"line":18,"column":27}},"8":{"start":{"line":26,"column":4},"end":{"line":32,"column":7}},"9":{"start":{"line":28,"column":8},"end":{"line":30,"column":null}},"10":{"start":{"line":39,"column":4},"end":{"line":39,"column":49}},"11":{"start":{"line":46,"column":4},"end":{"line":46,"column":49}},"12":{"start":{"line":14,"column":13},"end":{"line":14,"column":29}},"13":{"start":{"line":25,"column":2},"end":{"line":33,"column":null}},"14":{"start":{"line":38,"column":8},"end":{"line":40,"column":null}},"15":{"start":{"line":45,"column":8},"end":{"line":47,"column":null}},"16":{"start":{"line":14,"column":13},"end":{"line":48,"column":null}}},"fnMap":{"0":{"name":"(anonymous_2)","decl":{"start":{"line":15,"column":2},"end":{"line":15,"column":null}},"loc":{"start":{"line":18,"column":40},"end":{"line":19,"column":6}}},"1":{"name":"(anonymous_3)","decl":{"start":{"line":25,"column":2},"end":{"line":25,"column":7}},"loc":{"start":{"line":25,"column":7},"end":{"line":33,"column":3}}},"2":{"name":"(anonymous_4)","decl":{"start":{"line":27,"column":6},"end":{"line":27,"column":9}},"loc":{"start":{"line":28,"column":8},"end":{"line":30,"column":null}}},"3":{"name":"(anonymous_5)","decl":{"start":{"line":38,"column":2},"end":{"line":38,"column":7}},"loc":{"start":{"line":38,"column":24},"end":{"line":40,"column":3}}},"4":{"name":"(anonymous_6)","decl":{"start":{"line":45,"column":2},"end":{"line":45,"column":7}},"loc":{"start":{"line":45,"column":24},"end":{"line":47,"column":3}}}},"branchMap":{},"s":{"0":1,"1":1,"2":1,"3":1,"4":1,"5":11,"6":11,"7":11,"8":3,"9":1,"10":3,"11":4,"12":1,"13":1,"14":1,"15":1,"16":1},"f":{"0":11,"1":3,"2":1,"3":3,"4":4},"b":{}}
,"/Users/maksymilian/Work/ynov/m2/final/penpal-ai-monitoring-service/src/modules/health/health.module.ts": {"path":"/Users/maksymilian/Work/ynov/m2/final/penpal-ai-monitoring-service/src/modules/health/health.module.ts","statementMap":{"0":{"start":{"line":1,"column":0},"end":{"line":1,"column":40}},"1":{"start":{"line":2,"column":0},"end":{"line":2,"column":50}},"2":{"start":{"line":3,"column":0},"end":{"line":3,"column":43}},"3":{"start":{"line":4,"column":0},"end":{"line":4,"column":55}},"4":{"start":{"line":5,"column":0},"end":{"line":5,"column":49}},"5":{"start":{"line":13,"column":7},"end":{"line":13,"column":null}},"6":{"start":{"line":13,"column":13},"end":{"line":13,"column":25}},"7":{"start":{"line":13,"column":13},"end":{"line":13,"column":null}}},"fnMap":{},"branchMap":{},"s":{"0":0,"1":0,"2":0,"3":0,"4":0,"5":0,"6":0,"7":0},"f":{},"b":{}}
,"/Users/maksymilian/Work/ynov/m2/final/penpal-ai-monitoring-service/src/modules/health/health.service.ts": {"path":"/Users/maksymilian/Work/ynov/m2/final/penpal-ai-monitoring-service/src/modules/health/health.service.ts","statementMap":{"0":{"start":{"line":1,"column":0},"end":{"line":1,"column":52}},"1":{"start":{"line":2,"column":0},"end":{"line":2,"column":44}},"2":{"start":{"line":3,"column":0},"end":{"line":3,"column":47}},"3":{"start":{"line":4,"column":0},"end":{"line":4,"column":38}},"4":{"start":{"line":8,"column":26},"end":{"line":107,"column":null}},"5":{"start":{"line":14,"column":21},"end":{"line":14,"column":34}},"6":{"start":{"line":15,"column":21},"end":{"line":15,"column":36}},"7":{"start":{"line":9,"column":19},"end":{"line":9,"column":59}},"8":{"start":{"line":11,"column":19},"end":{"line":11,"column":71}},"9":{"start":{"line":18,"column":4},"end":{"line":35,"column":6}},"10":{"start":{"line":39,"column":25},"end":{"line":40,"column":null}},"11":{"start":{"line":40,"column":6},"end":{"line":40,"column":56}},"12":{"start":{"line":43,"column":4},"end":{"line":43,"column":37}},"13":{"start":{"line":50,"column":22},"end":{"line":50,"column":32}},"14":{"start":{"line":52,"column":4},"end":{"line":86,"column":5}},"15":{"start":{"line":53,"column":23},"end":{"line":59,"column":null}},"16":{"start":{"line":62,"column":27},"end":{"line":62,"column":49}},"17":{"start":{"line":64,"column":6},"end":{"line":70,"column":8}},"18":{"start":{"line":72,"column":27},"end":{"line":72,"column":49}},"19":{"start":{"line":74,"column":6},"end":{"line":76,"column":8}},"20":{"start":{"line":78,"column":6},"end":{"line":85,"column":8}},"21":{"start":{"line":90,"column":21},"end":{"line":90,"column":50}},"22":{"start":{"line":92,"column":20},"end":{"line":92,"column":73}},"23":{"start":{"line":92,"column":43},"end":{"line":92,"column":65}},"24":{"start":{"line":93,"column":22},"end":{"line":93,"column":77}},"25":{"start":{"line":93,"column":45},"end":{"line":93,"column":69}},"26":{"start":{"line":94,"column":18},"end":{"line":94,"column":33}},"27":{"start":{"line":96,"column":4},"end":{"line":105,"column":6}},"28":{"start":{"line":8,"column":13},"end":{"line":8,"column":26}},"29":{"start":{"line":8,"column":13},"end":{"line":107,"column":null}}},"fnMap":{"0":{"name":"(anonymous_2)","decl":{"start":{"line":13,"column":2},"end":{"line":13,"column":null}},"loc":{"start":{"line":15,"column":49},"end":{"line":36,"column":3}}},"1":{"name":"(anonymous_3)","decl":{"start":{"line":38,"column":2},"end":{"line":38,"column":7}},"loc":{"start":{"line":38,"column":24},"end":{"line":44,"column":3}}},"2":{"name":"(anonymous_4)","decl":{"start":{"line":39,"column":43},"end":{"line":39,"column":44}},"loc":{"start":{"line":40,"column":6},"end":{"line":40,"column":56}}},"3":{"name":"(anonymous_5)","decl":{"start":{"line":46,"column":2},"end":{"line":46,"column":7}},"loc":{"start":{"line":48,"column":22},"end":{"line":87,"column":3}}},"4":{"name":"(anonymous_6)","decl":{"start":{"line":89,"column":2},"end":{"line":89,"column":7}},"loc":{"start":{"line":89,"column":24},"end":{"line":106,"column":3}}},"5":{"name":"(anonymous_7)","decl":{"start":{"line":92,"column":36},"end":{"line":92,"column":37}},"loc":{"start":{"line":92,"column":43},"end":{"line":92,"column":65}}},"6":{"name":"(anonymous_8)","decl":{"start":{"line":93,"column":38},"end":{"line":93,"column":39}},"loc":{"start":{"line":93,"column":45},"end":{"line":93,"column":69}}}},"branchMap":{"0":{"loc":{"start":{"line":67,"column":16},"end":{"line":67,"column":65}},"type":"cond-expr","locations":[{"start":{"line":67,"column":42},"end":{"line":67,"column":51}},{"start":{"line":67,"column":54},"end":{"line":67,"column":65}}]}},"s":{"0":8,"1":8,"2":8,"3":8,"4":8,"5":12,"6":12,"7":12,"8":12,"9":12,"10":6,"11":24,"12":6,"13":28,"14":28,"15":28,"16":21,"17":21,"18":7,"19":7,"20":7,"21":4,"22":4,"23":16,"24":4,"25":16,"26":4,"27":4,"28":8,"29":8},"f":{"0":12,"1":6,"2":24,"3":28,"4":4,"5":16,"6":16},"b":{"0":[18,3]}}
,"/Users/maksymilian/Work/ynov/m2/final/penpal-ai-monitoring-service/src/modules/metrics/metrics.controller.ts": {"path":"/Users/maksymilian/Work/ynov/m2/final/penpal-ai-monitoring-service/src/modules/metrics/metrics.controller.ts","statementMap":{"0":{"start":{"line":1,"column":0},"end":{"line":1,"column":57}},"1":{"start":{"line":2,"column":0},"end":{"line":2,"column":69}},"2":{"start":{"line":3,"column":0},"end":{"line":3,"column":51}},"3":{"start":{"line":4,"column":0},"end":{"line":4,"column":57}},"4":{"start":{"line":8,"column":7},"end":{"line":22,"column":null}},"5":{"start":{"line":10,"column":21},"end":{"line":10,"column":37}},"6":{"start":{"line":11,"column":21},"end":{"line":11,"column":40}},"7":{"start":{"line":20,"column":4},"end":{"line":20,"column":47}},"8":{"start":{"line":8,"column":13},"end":{"line":8,"column":30}},"9":{"start":{"line":19,"column":8},"end":{"line":21,"column":null}},"10":{"start":{"line":8,"column":13},"end":{"line":22,"column":null}},"11":{"start":{"line":26,"column":7},"end":{"line":42,"column":null}},"12":{"start":{"line":27,"column":31},"end":{"line":27,"column":47}},"13":{"start":{"line":33,"column":4},"end":{"line":33,"column":51}},"14":{"start":{"line":40,"column":4},"end":{"line":40,"column":52}},"15":{"start":{"line":26,"column":13},"end":{"line":26,"column":33}},"16":{"start":{"line":32,"column":8},"end":{"line":34,"column":null}},"17":{"start":{"line":39,"column":8},"end":{"line":41,"column":null}},"18":{"start":{"line":26,"column":13},"end":{"line":42,"column":null}}},"fnMap":{"0":{"name":"(anonymous_2)","decl":{"start":{"line":9,"column":2},"end":{"line":9,"column":null}},"loc":{"start":{"line":11,"column":57},"end":{"line":12,"column":6}}},"1":{"name":"(anonymous_3)","decl":{"start":{"line":19,"column":2},"end":{"line":19,"column":7}},"loc":{"start":{"line":19,"column":18},"end":{"line":21,"column":3}}},"2":{"name":"(anonymous_4)","decl":{"start":{"line":27,"column":2},"end":{"line":27,"column":31}},"loc":{"start":{"line":27,"column":61},"end":{"line":27,"column":65}}},"3":{"name":"(anonymous_5)","decl":{"start":{"line":32,"column":2},"end":{"line":32,"column":7}},"loc":{"start":{"line":32,"column":25},"end":{"line":34,"column":3}}},"4":{"name":"(anonymous_6)","decl":{"start":{"line":39,"column":2},"end":{"line":39,"column":7}},"loc":{"start":{"line":39,"column":26},"end":{"line":41,"column":3}}}},"branchMap":{},"s":{"0":1,"1":1,"2":1,"3":1,"4":1,"5":20,"6":20,"7":6,"8":1,"9":1,"10":1,"11":1,"12":20,"13":8,"14":8,"15":1,"16":1,"17":1,"18":1},"f":{"0":20,"1":6,"2":20,"3":8,"4":8},"b":{}}
,"/Users/maksymilian/Work/ynov/m2/final/penpal-ai-monitoring-service/src/modules/metrics/metrics.module.ts": {"path":"/Users/maksymilian/Work/ynov/m2/final/penpal-ai-monitoring-service/src/modules/metrics/metrics.module.ts","statementMap":{"0":{"start":{"line":1,"column":0},"end":{"line":1,"column":40}},"1":{"start":{"line":2,"column":0},"end":{"line":2,"column":43}},"2":{"start":{"line":3,"column":0},"end":{"line":3,"column":79}},"3":{"start":{"line":4,"column":0},"end":{"line":4,"column":51}},"4":{"start":{"line":5,"column":0},"end":{"line":5,"column":57}},"5":{"start":{"line":6,"column":0},"end":{"line":6,"column":55}},"6":{"start":{"line":14,"column":7},"end":{"line":14,"column":null}},"7":{"start":{"line":14,"column":13},"end":{"line":14,"column":26}},"8":{"start":{"line":14,"column":13},"end":{"line":14,"column":null}}},"fnMap":{},"branchMap":{},"s":{"0":0,"1":0,"2":0,"3":0,"4":0,"5":0,"6":0,"7":0,"8":0},"f":{},"b":{}}
,"/Users/maksymilian/Work/ynov/m2/final/penpal-ai-monitoring-service/src/modules/metrics/metrics.service.ts": {"path":"/Users/maksymilian/Work/ynov/m2/final/penpal-ai-monitoring-service/src/modules/metrics/metrics.service.ts","statementMap":{"0":{"start":{"line":1,"column":0},"end":{"line":1,"column":52}},"1":{"start":{"line":2,"column":0},"end":{"line":2,"column":56}},"2":{"start":{"line":3,"column":0},"end":{"line":3,"column":44}},"3":{"start":{"line":4,"column":0},"end":{"line":4,"column":47}},"4":{"start":{"line":5,"column":0},"end":{"line":5,"column":38}},"5":{"start":{"line":6,"column":0},"end":{"line":6,"column":57}},"6":{"start":{"line":7,"column":0},"end":{"line":7,"column":57}},"7":{"start":{"line":10,"column":27},"end":{"line":191,"column":null}},"8":{"start":{"line":14,"column":21},"end":{"line":14,"column":34}},"9":{"start":{"line":15,"column":21},"end":{"line":15,"column":40}},"10":{"start":{"line":16,"column":21},"end":{"line":16,"column":36}},"11":{"start":{"line":17,"column":21},"end":{"line":17,"column":36}},"12":{"start":{"line":11,"column":19},"end":{"line":11,"column":60}},"13":{"start":{"line":22,"column":4},"end":{"line":22,"column":65}},"14":{"start":{"line":24,"column":4},"end":{"line":32,"column":5}},"15":{"start":{"line":26,"column":6},"end":{"line":26,"column":40}},"16":{"start":{"line":29,"column":6},"end":{"line":29,"column":42}},"17":{"start":{"line":31,"column":6},"end":{"line":31,"column":68}},"18":{"start":{"line":36,"column":21},"end":{"line":36,"column":64}},"19":{"start":{"line":38,"column":4},"end":{"line":49,"column":5}},"20":{"start":{"line":39,"column":6},"end":{"line":43,"column":8}},"21":{"start":{"line":45,"column":6},"end":{"line":48,"column":8}},"22":{"start":{"line":53,"column":4},"end":{"line":64,"column":5}},"23":{"start":{"line":55,"column":6},"end":{"line":55,"column":38}},"24":{"start":{"line":58,"column":6},"end":{"line":58,"column":46}},"25":{"start":{"line":61,"column":6},"end":{"line":61,"column":41}},"26":{"start":{"line":63,"column":6},"end":{"line":63,"column":76}},"27":{"start":{"line":68,"column":4},"end":{"line":112,"column":5}},"28":{"start":{"line":69,"column":29},"end":{"line":71,"column":null}},"29":{"start":{"line":73,"column":23},"end":{"line":76,"column":null}},"30":{"start":{"line":79,"column":6},"end":{"line":109,"column":7}},"31":{"start":{"line":81,"column":10},"end":{"line":81,"column":23}},"32":{"start":{"line":83,"column":8},"end":{"line":85,"column":9}},"33":{"start":{"line":84,"column":10},"end":{"line":84,"column":61}},"34":{"start":{"line":87,"column":8},"end":{"line":89,"column":9}},"35":{"start":{"line":88,"column":10},"end":{"line":88,"column":59}},"36":{"start":{"line":91,"column":8},"end":{"line":99,"column":9}},"37":{"start":{"line":93,"column":10},"end":{"line":98,"column":11}},"38":{"start":{"line":94,"column":12},"end":{"line":97,"column":14}},"39":{"start":{"line":101,"column":8},"end":{"line":108,"column":9}},"40":{"start":{"line":102,"column":10},"end":{"line":107,"column":11}},"41":{"start":{"line":103,"column":12},"end":{"line":106,"column":14}},"42":{"start":{"line":111,"column":6},"end":{"line":111,"column":74}},"43":{"start":{"line":116,"column":4},"end":{"line":135,"column":5}},"44":{"start":{"line":117,"column":27},"end":{"line":119,"column":null}},"45":{"start":{"line":121,"column":23},"end":{"line":124,"column":null}},"46":{"start":{"line":127,"column":6},"end":{"line":129,"column":7}},"47":{"start":{"line":128,"column":8},"end":{"line":128,"column":65}},"48":{"start":{"line":131,"column":6},"end":{"line":134,"column":8}},"49":{"start":{"line":139,"column":4},"end":{"line":155,"column":5}},"50":{"start":{"line":140,"column":32},"end":{"line":142,"column":null}},"51":{"start":{"line":144,"column":23},"end":{"line":147,"column":null}},"52":{"start":{"line":150,"column":6},"end":{"line":152,"column":7}},"53":{"start":{"line":151,"column":8},"end":{"line":151,"column":60}},"54":{"start":{"line":154,"column":6},"end":{"line":154,"column":77}},"55":{"start":{"line":159,"column":26},"end":{"line":159,"column":69}},"56":{"start":{"line":161,"column":4},"end":{"line":174,"column":6}},"57":{"start":{"line":178,"column":21},"end":{"line":178,"column":64}},"58":{"start":{"line":180,"column":4},"end":{"line":189,"column":6}},"59":{"start":{"line":182,"column":43},"end":{"line":188,"column":8}},"60":{"start":{"line":10,"column":13},"end":{"line":10,"column":27}},"61":{"start":{"line":21,"column":8},"end":{"line":33,"column":null}},"62":{"start":{"line":10,"column":13},"end":{"line":191,"column":null}}},"fnMap":{"0":{"name":"(anonymous_2)","decl":{"start":{"line":13,"column":2},"end":{"line":13,"column":null}},"loc":{"start":{"line":17,"column":49},"end":{"line":18,"column":6}}},"1":{"name":"(anonymous_3)","decl":{"start":{"line":21,"column":2},"end":{"line":21,"column":7}},"loc":{"start":{"line":21,"column":22},"end":{"line":33,"column":3}}},"2":{"name":"(anonymous_4)","decl":{"start":{"line":35,"column":10},"end":{"line":35,"column":15}},"loc":{"start":{"line":35,"column":36},"end":{"line":50,"column":3}}},"3":{"name":"(anonymous_5)","decl":{"start":{"line":52,"column":10},"end":{"line":52,"column":15}},"loc":{"start":{"line":52,"column":38},"end":{"line":65,"column":3}}},"4":{"name":"(anonymous_6)","decl":{"start":{"line":67,"column":10},"end":{"line":67,"column":15}},"loc":{"start":{"line":67,"column":34},"end":{"line":113,"column":3}}},"5":{"name":"(anonymous_7)","decl":{"start":{"line":115,"column":10},"end":{"line":115,"column":15}},"loc":{"start":{"line":115,"column":42},"end":{"line":136,"column":3}}},"6":{"name":"(anonymous_8)","decl":{"start":{"line":138,"column":10},"end":{"line":138,"column":15}},"loc":{"start":{"line":138,"column":37},"end":{"line":156,"column":3}}},"7":{"name":"(anonymous_9)","decl":{"start":{"line":158,"column":2},"end":{"line":158,"column":7}},"loc":{"start":{"line":158,"column":25},"end":{"line":175,"column":3}}},"8":{"name":"(anonymous_10)","decl":{"start":{"line":177,"column":2},"end":{"line":177,"column":7}},"loc":{"start":{"line":177,"column":26},"end":{"line":190,"column":3}}},"9":{"name":"(anonymous_11)","decl":{"start":{"line":182,"column":29},"end":{"line":182,"column":30}},"loc":{"start":{"line":182,"column":43},"end":{"line":188,"column":8}}}},"branchMap":{"0":{"loc":{"start":{"line":79,"column":6},"end":{"line":109,"column":7}},"type":"if","locations":[{"start":{"line":79,"column":6},"end":{"line":109,"column":7}}]},"1":{"loc":{"start":{"line":83,"column":8},"end":{"line":85,"column":9}},"type":"if","locations":[{"start":{"line":83,"column":8},"end":{"line":85,"column":9}}]},"2":{"loc":{"start":{"line":87,"column":8},"end":{"line":89,"column":9}},"type":"if","locations":[{"start":{"line":87,"column":8},"end":{"line":89,"column":9}}]},"3":{"loc":{"start":{"line":91,"column":8},"end":{"line":99,"column":9}},"type":"if","locations":[{"start":{"line":91,"column":8},"end":{"line":99,"column":9}}]},"4":{"loc":{"start":{"line":101,"column":8},"end":{"line":108,"column":9}},"type":"if","locations":[{"start":{"line":101,"column":8},"end":{"line":108,"column":9}}]},"5":{"loc":{"start":{"line":127,"column":6},"end":{"line":129,"column":7}},"type":"if","locations":[{"start":{"line":127,"column":6},"end":{"line":129,"column":7}}]},"6":{"loc":{"start":{"line":127,"column":10},"end":{"line":127,"column":41}},"type":"cond-expr","locations":[{"start":{"line":127,"column":23},"end":{"line":127,"column":25}},{"start":{"line":127,"column":23},"end":{"line":127,"column":41}}]},"7":{"loc":{"start":{"line":127,"column":10},"end":{"line":127,"column":25}},"type":"binary-expr","locations":[{"start":{"line":127,"column":10},"end":{"line":127,"column":25}},{"start":{"line":127,"column":23},"end":{"line":127,"column":25}}]},"8":{"loc":{"start":{"line":150,"column":6},"end":{"line":152,"column":7}},"type":"if","locations":[{"start":{"line":150,"column":6},"end":{"line":152,"column":7}}]},"9":{"loc":{"start":{"line":150,"column":10},"end":{"line":150,"column":43}},"type":"cond-expr","locations":[{"start":{"line":150,"column":23},"end":{"line":150,"column":25}},{"start":{"line":150,"column":23},"end":{"line":150,"column":43}}]},"10":{"loc":{"start":{"line":150,"column":10},"end":{"line":150,"column":25}},"type":"binary-expr","locations":[{"start":{"line":150,"column":10},"end":{"line":150,"column":25}},{"start":{"line":150,"column":23},"end":{"line":150,"column":25}}]}},"s":{"0":6,"1":6,"2":6,"3":6,"4":6,"5":6,"6":6,"7":6,"8":17,"9":17,"10":17,"11":17,"12":17,"13":4,"14":4,"15":4,"16":4,"17":0,"18":4,"19":4,"20":8,"21":8,"22":4,"23":4,"24":4,"25":4,"26":0,"27":4,"28":4,"29":4,"30":4,"31":4,"32":4,"33":1,"34":4,"35":1,"36":4,"37":1,"38":2,"39":4,"40":1,"41":2,"42":0,"43":4,"44":4,"45":4,"46":4,"47":1,"48":0,"49":4,"50":4,"51":4,"52":4,"53":1,"54":0,"55":6,"56":5,"57":6,"58":5,"59":10,"60":6,"61":6,"62":6},"f":{"0":17,"1":4,"2":4,"3":4,"4":4,"5":4,"6":4,"7":6,"8":6,"9":10},"b":{"0":[4],"1":[1],"2":[1],"3":[1],"4":[1],"5":[1],"6":[0,4],"7":[4,4],"8":[1],"9":[0,4],"10":[4,4]}}
,"/Users/maksymilian/Work/ynov/m2/final/penpal-ai-monitoring-service/src/modules/metrics/prometheus.service.ts": {"path":"/Users/maksymilian/Work/ynov/m2/final/penpal-ai-monitoring-service/src/modules/metrics/prometheus.service.ts","statementMap":{"0":{"start":{"line":1,"column":0},"end":{"line":1,"column":58}},"1":{"start":{"line":2,"column":0},"end":{"line":2,"column":null}},"2":{"start":{"line":11,"column":7},"end":{"line":202,"column":null}},"3":{"start":{"line":26,"column":4},"end":{"line":26,"column":21}},"4":{"start":{"line":29,"column":4},"end":{"line":29,"column":40}},"5":{"start":{"line":32,"column":4},"end":{"line":37,"column":7}},"6":{"start":{"line":39,"column":4},"end":{"line":45,"column":7}},"7":{"start":{"line":48,"column":4},"end":{"line":53,"column":7}},"8":{"start":{"line":55,"column":4},"end":{"line":60,"column":7}},"9":{"start":{"line":63,"column":4},"end":{"line":67,"column":7}},"10":{"start":{"line":69,"column":4},"end":{"line":73,"column":7}},"11":{"start":{"line":75,"column":4},"end":{"line":80,"column":7}},"12":{"start":{"line":82,"column":4},"end":{"line":87,"column":7}},"13":{"start":{"line":89,"column":4},"end":{"line":94,"column":7}},"14":{"start":{"line":96,"column":4},"end":{"line":101,"column":7}},"15":{"start":{"line":103,"column":4},"end":{"line":108,"column":7}},"16":{"start":{"line":113,"column":4},"end":{"line":113,"column":28}},"17":{"start":{"line":123,"column":4},"end":{"line":128,"column":7}},"18":{"start":{"line":137,"column":4},"end":{"line":137,"column":75}},"19":{"start":{"line":146,"column":4},"end":{"line":149,"column":6}},"20":{"start":{"line":153,"column":4},"end":{"line":156,"column":6}},"21":{"start":{"line":161,"column":4},"end":{"line":161,"column":32}},"22":{"start":{"line":165,"column":4},"end":{"line":165,"column":31}},"23":{"start":{"line":169,"column":4},"end":{"line":169,"column":50}},"24":{"start":{"line":173,"column":4},"end":{"line":173,"column":58}},"25":{"start":{"line":177,"column":4},"end":{"line":177,"column":44}},"26":{"start":{"line":181,"column":22},"end":{"line":181,"column":31}},"27":{"start":{"line":182,"column":4},"end":{"line":187,"column":5}},"28":{"start":{"line":183,"column":6},"end":{"line":186,"column":32}},"29":{"start":{"line":183,"column":23},"end":{"line":183,"column":44}},"30":{"start":{"line":184,"column":11},"end":{"line":186,"column":32}},"31":{"start":{"line":184,"column":28},"end":{"line":184,"column":50}},"32":{"start":{"line":185,"column":11},"end":{"line":186,"column":32}},"33":{"start":{"line":185,"column":29},"end":{"line":185,"column":52}},"34":{"start":{"line":186,"column":11},"end":{"line":186,"column":32}},"35":{"start":{"line":188,"column":4},"end":{"line":188,"column":66}},"36":{"start":{"line":192,"column":4},"end":{"line":192,"column":57}},"37":{"start":{"line":196,"column":4},"end":{"line":196,"column":30}},"38":{"start":{"line":200,"column":4},"end":{"line":200,"column":20}},"39":{"start":{"line":11,"column":13},"end":{"line":11,"column":30}},"40":{"start":{"line":11,"column":13},"end":{"line":202,"column":null}}},"fnMap":{"0":{"name":"(anonymous_2)","decl":{"start":{"line":24,"column":2},"end":{"line":24,"column":null}},"loc":{"start":{"line":24,"column":2},"end":{"line":109,"column":3}}},"1":{"name":"(anonymous_3)","decl":{"start":{"line":111,"column":2},"end":{"line":111,"column":14}},"loc":{"start":{"line":111,"column":14},"end":{"line":114,"column":3}}},"2":{"name":"(anonymous_4)","decl":{"start":{"line":117,"column":2},"end":{"line":117,"column":23}},"loc":{"start":{"line":121,"column":19},"end":{"line":129,"column":3}}},"3":{"name":"(anonymous_5)","decl":{"start":{"line":131,"column":2},"end":{"line":131,"column":21}},"loc":{"start":{"line":135,"column":20},"end":{"line":138,"column":3}}},"4":{"name":"(anonymous_6)","decl":{"start":{"line":141,"column":2},"end":{"line":141,"column":18}},"loc":{"start":{"line":144,"column":22},"end":{"line":150,"column":3}}},"5":{"name":"(anonymous_7)","decl":{"start":{"line":152,"column":2},"end":{"line":152,"column":24}},"loc":{"start":{"line":152,"column":66},"end":{"line":157,"column":3}}},"6":{"name":"(anonymous_8)","decl":{"start":{"line":160,"column":2},"end":{"line":160,"column":16}},"loc":{"start":{"line":160,"column":30},"end":{"line":162,"column":3}}},"7":{"name":"(anonymous_9)","decl":{"start":{"line":164,"column":2},"end":{"line":164,"column":15}},"loc":{"start":{"line":164,"column":29},"end":{"line":166,"column":3}}},"8":{"name":"(anonymous_10)","decl":{"start":{"line":168,"column":2},"end":{"line":168,"column":20}},"loc":{"start":{"line":168,"column":52},"end":{"line":170,"column":3}}},"9":{"name":"(anonymous_11)","decl":{"start":{"line":172,"column":2},"end":{"line":172,"column":21}},"loc":{"start":{"line":172,"column":60},"end":{"line":174,"column":3}}},"10":{"name":"(anonymous_12)","decl":{"start":{"line":176,"column":2},"end":{"line":176,"column":24}},"loc":{"start":{"line":176,"column":67},"end":{"line":178,"column":3}}},"11":{"name":"(anonymous_13)","decl":{"start":{"line":180,"column":2},"end":{"line":180,"column":19}},"loc":{"start":{"line":180,"column":77},"end":{"line":189,"column":3}}},"12":{"name":"(anonymous_14)","decl":{"start":{"line":191,"column":2},"end":{"line":191,"column":25}},"loc":{"start":{"line":191,"column":73},"end":{"line":193,"column":3}}},"13":{"name":"(anonymous_15)","decl":{"start":{"line":195,"column":2},"end":{"line":195,"column":7}},"loc":{"start":{"line":195,"column":18},"end":{"line":197,"column":3}}},"14":{"name":"(anonymous_16)","decl":{"start":{"line":199,"column":2},"end":{"line":199,"column":13}},"loc":{"start":{"line":199,"column":13},"end":{"line":201,"column":3}}}},"branchMap":{"0":{"loc":{"start":{"line":148,"column":6},"end":{"line":148,"column":23}},"type":"cond-expr","locations":[{"start":{"line":148,"column":18},"end":{"line":148,"column":19}},{"start":{"line":148,"column":22},"end":{"line":148,"column":23}}]},"1":{"loc":{"start":{"line":182,"column":4},"end":{"line":187,"column":5}},"type":"if","locations":[{"start":{"line":182,"column":4},"end":{"line":187,"column":5}}]},"2":{"loc":{"start":{"line":183,"column":6},"end":{"line":186,"column":32}},"type":"if","locations":[{"start":{"line":183,"column":6},"end":{"line":186,"column":32}},{"start":{"line":184,"column":11},"end":{"line":186,"column":32}}]},"3":{"loc":{"start":{"line":184,"column":11},"end":{"line":186,"column":32}},"type":"if","locations":[{"start":{"line":184,"column":11},"end":{"line":186,"column":32}},{"start":{"line":185,"column":11},"end":{"line":186,"column":32}}]},"4":{"loc":{"start":{"line":185,"column":11},"end":{"line":186,"column":32}},"type":"if","locations":[{"start":{"line":185,"column":11},"end":{"line":186,"column":32}},{"start":{"line":186,"column":11},"end":{"line":186,"column":32}}]}},"s":{"0":7,"1":7,"2":7,"3":32,"4":32,"5":32,"6":32,"7":32,"8":32,"9":32,"10":32,"11":32,"12":32,"13":32,"14":32,"15":32,"16":0,"17":11,"18":5,"19":8,"20":6,"21":8,"22":5,"23":7,"24":6,"25":8,"26":9,"27":9,"28":5,"29":2,"30":3,"31":2,"32":1,"33":0,"34":1,"35":9,"36":6,"37":29,"38":2,"39":7,"40":7},"f":{"0":32,"1":0,"2":11,"3":5,"4":8,"5":6,"6":8,"7":5,"8":7,"9":6,"10":8,"11":9,"12":6,"13":29,"14":2},"b":{"0":[5,3],"1":[5],"2":[2,3],"3":[2,1],"4":[0,1]}}
,"/Users/maksymilian/Work/ynov/m2/final/penpal-ai-monitoring-service/src/modules/monitoring/monitoring.controller.ts": {"path":"/Users/maksymilian/Work/ynov/m2/final/penpal-ai-monitoring-service/src/modules/monitoring/monitoring.controller.ts","statementMap":{"0":{"start":{"line":1,"column":0},"end":{"line":1,"column":56}},"1":{"start":{"line":2,"column":0},"end":{"line":2,"column":79}},"2":{"start":{"line":3,"column":0},"end":{"line":3,"column":57}},"3":{"start":{"line":7,"column":7},"end":{"line":42,"column":null}},"4":{"start":{"line":8,"column":31},"end":{"line":8,"column":50}},"5":{"start":{"line":14,"column":4},"end":{"line":14,"column":54}},"6":{"start":{"line":21,"column":4},"end":{"line":21,"column":46}},"7":{"start":{"line":33,"column":4},"end":{"line":33,"column":67}},"8":{"start":{"line":40,"column":4},"end":{"line":40,"column":55}},"9":{"start":{"line":7,"column":13},"end":{"line":7,"column":33}},"10":{"start":{"line":13,"column":8},"end":{"line":15,"column":null}},"11":{"start":{"line":20,"column":8},"end":{"line":22,"column":null}},"12":{"start":{"line":32,"column":8},"end":{"line":34,"column":null}},"13":{"start":{"line":39,"column":8},"end":{"line":41,"column":null}},"14":{"start":{"line":7,"column":13},"end":{"line":42,"column":null}}},"fnMap":{"0":{"name":"(anonymous_4)","decl":{"start":{"line":8,"column":2},"end":{"line":8,"column":31}},"loc":{"start":{"line":8,"column":67},"end":{"line":8,"column":71}}},"1":{"name":"(anonymous_5)","decl":{"start":{"line":13,"column":2},"end":{"line":13,"column":7}},"loc":{"start":{"line":13,"column":25},"end":{"line":15,"column":3}}},"2":{"name":"(anonymous_6)","decl":{"start":{"line":20,"column":2},"end":{"line":20,"column":7}},"loc":{"start":{"line":20,"column":17},"end":{"line":22,"column":3}}},"3":{"name":"(anonymous_7)","decl":{"start":{"line":32,"column":2},"end":{"line":32,"column":7}},"loc":{"start":{"line":32,"column":68},"end":{"line":34,"column":3}}},"4":{"name":"(anonymous_8)","decl":{"start":{"line":39,"column":2},"end":{"line":39,"column":7}},"loc":{"start":{"line":39,"column":26},"end":{"line":41,"column":3}}}},"branchMap":{},"s":{"0":1,"1":1,"2":1,"3":1,"4":34,"5":12,"6":11,"7":15,"8":12,"9":1,"10":1,"11":1,"12":1,"13":1,"14":1},"f":{"0":34,"1":12,"2":11,"3":15,"4":12},"b":{}}
,"/Users/maksymilian/Work/ynov/m2/final/penpal-ai-monitoring-service/src/modules/monitoring/monitoring.module.ts": {"path":"/Users/maksymilian/Work/ynov/m2/final/penpal-ai-monitoring-service/src/modules/monitoring/monitoring.module.ts","statementMap":{"0":{"start":{"line":1,"column":0},"end":{"line":1,"column":40}},"1":{"start":{"line":2,"column":0},"end":{"line":2,"column":43}},"2":{"start":{"line":3,"column":0},"end":{"line":3,"column":63}},"3":{"start":{"line":4,"column":0},"end":{"line":4,"column":57}},"4":{"start":{"line":5,"column":0},"end":{"line":5,"column":58}},"5":{"start":{"line":6,"column":0},"end":{"line":6,"column":55}},"6":{"start":{"line":14,"column":7},"end":{"line":14,"column":null}},"7":{"start":{"line":14,"column":13},"end":{"line":14,"column":29}},"8":{"start":{"line":14,"column":13},"end":{"line":14,"column":null}}},"fnMap":{},"branchMap":{},"s":{"0":0,"1":0,"2":0,"3":0,"4":0,"5":0,"6":0,"7":0,"8":0},"f":{},"b":{}}
,"/Users/maksymilian/Work/ynov/m2/final/penpal-ai-monitoring-service/src/modules/monitoring/monitoring.service.ts": {"path":"/Users/maksymilian/Work/ynov/m2/final/penpal-ai-monitoring-service/src/modules/monitoring/monitoring.service.ts","statementMap":{"0":{"start":{"line":1,"column":0},"end":{"line":1,"column":52}},"1":{"start":{"line":2,"column":0},"end":{"line":2,"column":57}},"2":{"start":{"line":3,"column":0},"end":{"line":3,"column":60}},"3":{"start":{"line":6,"column":30},"end":{"line":140,"column":null}},"4":{"start":{"line":10,"column":21},"end":{"line":10,"column":36}},"5":{"start":{"line":11,"column":21},"end":{"line":11,"column":37}},"6":{"start":{"line":7,"column":19},"end":{"line":7,"column":63}},"7":{"start":{"line":15,"column":26},"end":{"line":15,"column":69}},"8":{"start":{"line":16,"column":27},"end":{"line":16,"column":72}},"9":{"start":{"line":18,"column":4},"end":{"line":32,"column":6}},"10":{"start":{"line":36,"column":26},"end":{"line":36,"column":69}},"11":{"start":{"line":37,"column":19},"end":{"line":37,"column":21}},"12":{"start":{"line":40,"column":4},"end":{"line":59,"column":5}},"13":{"start":{"line":41,"column":6},"end":{"line":58,"column":7}},"14":{"start":{"line":42,"column":8},"end":{"line":49,"column":11}},"15":{"start":{"line":50,"column":13},"end":{"line":58,"column":7}},"16":{"start":{"line":51,"column":8},"end":{"line":57,"column":11}},"17":{"start":{"line":62,"column":24},"end":{"line":62,"column":45}},"18":{"start":{"line":64,"column":6},"end":{"line":64,"column":58}},"19":{"start":{"line":66,"column":4},"end":{"line":74,"column":5}},"20":{"start":{"line":67,"column":6},"end":{"line":73,"column":9}},"21":{"start":{"line":76,"column":4},"end":{"line":84,"column":6}},"22":{"start":{"line":79,"column":37},"end":{"line":79,"column":62}},"23":{"start":{"line":80,"column":37},"end":{"line":80,"column":61}},"24":{"start":{"line":82,"column":8},"end":{"line":82,"column":74}},"25":{"start":{"line":88,"column":26},"end":{"line":88,"column":69}},"26":{"start":{"line":92,"column":6},"end":{"line":95,"column":39}},"27":{"start":{"line":93,"column":26},"end":{"line":93,"column":52}},"28":{"start":{"line":97,"column":4},"end":{"line":111,"column":6}},"29":{"start":{"line":106,"column":57},"end":{"line":110,"column":8}},"30":{"start":{"line":115,"column":26},"end":{"line":115,"column":69}},"31":{"start":{"line":117,"column":4},"end":{"line":133,"column":6}},"32":{"start":{"line":127,"column":59},"end":{"line":131,"column":10}},"33":{"start":{"line":137,"column":19},"end":{"line":137,"column":41}},"34":{"start":{"line":138,"column":4},"end":{"line":138,"column":24}},"35":{"start":{"line":6,"column":13},"end":{"line":6,"column":30}},"36":{"start":{"line":6,"column":13},"end":{"line":140,"column":null}}},"fnMap":{"0":{"name":"(anonymous_2)","decl":{"start":{"line":9,"column":2},"end":{"line":9,"column":null}},"loc":{"start":{"line":11,"column":51},"end":{"line":12,"column":6}}},"1":{"name":"(anonymous_3)","decl":{"start":{"line":14,"column":2},"end":{"line":14,"column":7}},"loc":{"start":{"line":14,"column":25},"end":{"line":33,"column":3}}},"2":{"name":"(anonymous_4)","decl":{"start":{"line":35,"column":2},"end":{"line":35,"column":7}},"loc":{"start":{"line":35,"column":17},"end":{"line":85,"column":3}}},"3":{"name":"(anonymous_5)","decl":{"start":{"line":79,"column":30},"end":{"line":79,"column":31}},"loc":{"start":{"line":79,"column":37},"end":{"line":79,"column":62}}},"4":{"name":"(anonymous_6)","decl":{"start":{"line":80,"column":30},"end":{"line":80,"column":31}},"loc":{"start":{"line":80,"column":37},"end":{"line":80,"column":61}}},"5":{"name":"(anonymous_7)","decl":{"start":{"line":81,"column":26},"end":{"line":81,"column":27}},"loc":{"start":{"line":82,"column":8},"end":{"line":82,"column":74}}},"6":{"name":"(anonymous_8)","decl":{"start":{"line":87,"column":2},"end":{"line":87,"column":7}},"loc":{"start":{"line":87,"column":54},"end":{"line":112,"column":3}}},"7":{"name":"(anonymous_9)","decl":{"start":{"line":93,"column":8},"end":{"line":93,"column":9}},"loc":{"start":{"line":93,"column":26},"end":{"line":93,"column":52}}},"8":{"name":"(anonymous_10)","decl":{"start":{"line":106,"column":43},"end":{"line":106,"column":44}},"loc":{"start":{"line":106,"column":57},"end":{"line":110,"column":8}}},"9":{"name":"(anonymous_11)","decl":{"start":{"line":114,"column":2},"end":{"line":114,"column":7}},"loc":{"start":{"line":114,"column":26},"end":{"line":134,"column":3}}},"10":{"name":"(anonymous_12)","decl":{"start":{"line":127,"column":45},"end":{"line":127,"column":46}},"loc":{"start":{"line":127,"column":59},"end":{"line":131,"column":10}}},"11":{"name":"(anonymous_13)","decl":{"start":{"line":136,"column":10},"end":{"line":136,"column":15}},"loc":{"start":{"line":136,"column":36},"end":{"line":139,"column":3}}}},"branchMap":{"0":{"loc":{"start":{"line":20,"column":14},"end":{"line":20,"column":77}},"type":"cond-expr","locations":[{"start":{"line":20,"column":55},"end":{"line":20,"column":64}},{"start":{"line":20,"column":67},"end":{"line":20,"column":77}}]},"1":{"loc":{"start":{"line":41,"column":6},"end":{"line":58,"column":7}},"type":"if","locations":[{"start":{"line":41,"column":6},"end":{"line":58,"column":7}},{"start":{"line":50,"column":13},"end":{"line":58,"column":7}}]},"2":{"loc":{"start":{"line":50,"column":13},"end":{"line":58,"column":7}},"type":"if","locations":[{"start":{"line":50,"column":13},"end":{"line":58,"column":7}}]},"3":{"loc":{"start":{"line":66,"column":4},"end":{"line":74,"column":5}},"type":"if","locations":[{"start":{"line":66,"column":4},"end":{"line":74,"column":5}}]},"4":{"loc":{"start":{"line":82,"column":8},"end":{"line":82,"column":74}},"type":"cond-expr","locations":[{"start":{"line":82,"column":36},"end":{"line":82,"column":38}},{"start":{"line":82,"column":41},"end":{"line":82,"column":74}}]},"5":{"loc":{"start":{"line":82,"column":41},"end":{"line":82,"column":74}},"type":"cond-expr","locations":[{"start":{"line":82,"column":69},"end":{"line":82,"column":70}},{"start":{"line":82,"column":73},"end":{"line":82,"column":74}}]},"6":{"loc":{"start":{"line":87,"column":30},"end":{"line":87,"column":54}},"type":"default-arg","locations":[{"start":{"line":87,"column":50},"end":{"line":87,"column":54}}]}},"s":{"0":4,"1":4,"2":4,"3":4,"4":27,"5":27,"6":27,"7":10,"8":9,"9":9,"10":22,"11":21,"12":21,"13":41,"14":22,"15":19,"16":1,"17":21,"18":21,"19":21,"20":21,"21":21,"22":44,"23":44,"24":25,"25":9,"26":8,"27":16,"28":8,"29":16,"30":5,"31":4,"32":8,"33":9,"34":9,"35":4,"36":4},"f":{"0":27,"1":10,"2":22,"3":44,"4":44,"5":25,"6":9,"7":16,"8":16,"9":5,"10":8,"11":9},"b":{"0":[1,8],"1":[22,19],"2":[1],"3":[21],"4":[2,23],"5":[22,1],"6":[8]}}
}
