TN:
SF:src/app.controller.ts
FN:8,(anonymous_2)
FN:16,(anonymous_3)
FN:26,(anonymous_4)
FNF:3
FNH:3
FNDA:5,(anonymous_2)
FNDA:2,(anonymous_3)
FNDA:2,(anonymous_4)
DA:1,1
DA:2,1
DA:3,1
DA:7,1
DA:8,5
DA:16,1
DA:17,2
DA:26,1
DA:27,2
LF:9
LH:9
BRF:0
BRH:0
end_of_record
TN:
SF:src/app.module.ts
FNF:0
FNH:0
DA:1,0
DA:2,0
DA:3,0
DA:4,0
DA:5,0
DA:7,0
DA:8,0
DA:9,0
DA:10,0
DA:11,0
DA:12,0
DA:40,0
LF:12
LH:0
BRF:0
BRH:0
end_of_record
TN:
SF:src/app.service.ts
FN:5,(anonymous_1)
FN:27,(anonymous_2)
FNF:2
FNH:2
FNDA:2,(anonymous_1)
FNDA:4,(anonymous_2)
DA:1,2
DA:4,2
DA:6,2
DA:28,4
LF:4
LH:4
BRF:0
BRH:0
end_of_record
TN:
SF:src/modules/dashboard/dashboard.controller.ts
FN:8,(anonymous_4)
FN:16,(anonymous_5)
FN:23,(anonymous_6)
FN:40,(anonymous_7)
FNF:4
FNH:4
FNDA:28,(anonymous_4)
FNDA:14,(anonymous_5)
FNDA:12,(anonymous_6)
FNDA:8,(anonymous_7)
DA:1,1
DA:2,1
DA:3,1
DA:7,1
DA:8,28
DA:16,1
DA:17,14
DA:23,1
DA:24,12
DA:40,1
DA:44,8
LF:11
LH:11
BRDA:41,0,0,1
BRDA:42,1,0,1
BRF:2
BRH:2
end_of_record
TN:
SF:src/modules/dashboard/dashboard.module.ts
FNF:0
FNH:0
DA:1,0
DA:2,0
DA:3,0
DA:4,0
DA:5,0
DA:13,0
LF:6
LH:0
BRF:0
BRH:0
end_of_record
TN:
SF:src/modules/dashboard/dashboard.service.ts
FN:7,(anonymous_2)
FN:12,(anonymous_3)
FN:36,(anonymous_4)
FN:66,(anonymous_5)
FN:85,(anonymous_6)
FN:115,(anonymous_7)
FN:121,(anonymous_8)
FNF:7
FNH:7
FNDA:27,(anonymous_2)
FNDA:13,(anonymous_3)
FNDA:11,(anonymous_4)
FNDA:18,(anonymous_5)
FNDA:12,(anonymous_6)
FNDA:2,(anonymous_7)
FNDA:4,(anonymous_8)
DA:1,2
DA:2,2
DA:3,2
DA:6,2
DA:8,27
DA:9,27
DA:13,13
DA:19,10
DA:37,11
DA:43,9
DA:66,18
DA:86,12
DA:93,11
DA:108,11
DA:109,2
DA:112,9
DA:117,2
DA:118,2
DA:119,2
DA:122,4
DA:126,2
LF:21
LH:21
BRDA:108,0,0,2
BRF:1
BRH:1
end_of_record
TN:
SF:src/modules/health/health.controller.ts
FN:15,(anonymous_2)
FN:25,(anonymous_3)
FN:27,(anonymous_4)
FN:38,(anonymous_5)
FN:45,(anonymous_6)
FNF:5
FNH:5
FNDA:11,(anonymous_2)
FNDA:3,(anonymous_3)
FNDA:1,(anonymous_4)
FNDA:3,(anonymous_5)
FNDA:4,(anonymous_6)
DA:1,1
DA:2,1
DA:3,1
DA:9,1
DA:14,1
DA:16,11
DA:17,11
DA:18,11
DA:25,1
DA:26,3
DA:28,1
DA:38,1
DA:39,3
DA:45,1
DA:46,4
LF:15
LH:15
BRF:0
BRH:0
end_of_record
TN:
SF:src/modules/health/health.module.ts
FNF:0
FNH:0
DA:1,0
DA:2,0
DA:3,0
DA:4,0
DA:5,0
DA:13,0
LF:6
LH:0
BRF:0
BRH:0
end_of_record
TN:
SF:src/modules/health/health.service.ts
FN:13,(anonymous_2)
FN:38,(anonymous_3)
FN:39,(anonymous_4)
FN:46,(anonymous_5)
FN:89,(anonymous_6)
FN:92,(anonymous_7)
FN:93,(anonymous_8)
FNF:7
FNH:7
FNDA:12,(anonymous_2)
FNDA:6,(anonymous_3)
FNDA:24,(anonymous_4)
FNDA:28,(anonymous_5)
FNDA:4,(anonymous_6)
FNDA:16,(anonymous_7)
FNDA:16,(anonymous_8)
DA:1,8
DA:2,8
DA:3,8
DA:4,8
DA:8,8
DA:9,12
DA:11,12
DA:14,12
DA:15,12
DA:18,12
DA:39,6
DA:40,24
DA:43,6
DA:50,28
DA:52,28
DA:53,28
DA:62,21
DA:64,21
DA:72,7
DA:74,7
DA:78,7
DA:90,4
DA:92,16
DA:93,16
DA:94,4
DA:96,4
LF:26
LH:26
BRDA:67,0,0,18
BRDA:67,0,1,3
BRF:2
BRH:2
end_of_record
TN:
SF:src/modules/metrics/metrics.controller.ts
FN:9,(anonymous_2)
FN:19,(anonymous_3)
FN:27,(anonymous_4)
FN:32,(anonymous_5)
FN:39,(anonymous_6)
FNF:5
FNH:5
FNDA:20,(anonymous_2)
FNDA:6,(anonymous_3)
FNDA:20,(anonymous_4)
FNDA:8,(anonymous_5)
FNDA:8,(anonymous_6)
DA:1,1
DA:2,1
DA:3,1
DA:4,1
DA:8,1
DA:10,20
DA:11,20
DA:19,1
DA:20,6
DA:26,1
DA:27,20
DA:32,1
DA:33,8
DA:39,1
DA:40,8
LF:15
LH:15
BRF:0
BRH:0
end_of_record
TN:
SF:src/modules/metrics/metrics.module.ts
FNF:0
FNH:0
DA:1,0
DA:2,0
DA:3,0
DA:4,0
DA:5,0
DA:6,0
DA:14,0
LF:7
LH:0
BRF:0
BRH:0
end_of_record
TN:
SF:src/modules/metrics/metrics.service.ts
FN:13,(anonymous_2)
FN:21,(anonymous_3)
FN:35,(anonymous_4)
FN:52,(anonymous_5)
FN:67,(anonymous_6)
FN:115,(anonymous_7)
FN:138,(anonymous_8)
FN:158,(anonymous_9)
FN:177,(anonymous_10)
FN:182,(anonymous_11)
FNF:10
FNH:10
FNDA:17,(anonymous_2)
FNDA:4,(anonymous_3)
FNDA:4,(anonymous_4)
FNDA:4,(anonymous_5)
FNDA:4,(anonymous_6)
FNDA:4,(anonymous_7)
FNDA:4,(anonymous_8)
FNDA:6,(anonymous_9)
FNDA:6,(anonymous_10)
FNDA:10,(anonymous_11)
DA:1,6
DA:2,6
DA:3,6
DA:4,6
DA:5,6
DA:6,6
DA:7,6
DA:10,6
DA:11,17
DA:14,17
DA:15,17
DA:16,17
DA:17,17
DA:21,6
DA:22,4
DA:24,4
DA:26,4
DA:29,4
DA:31,0
DA:36,4
DA:38,4
DA:39,8
DA:45,8
DA:53,4
DA:55,4
DA:58,4
DA:61,4
DA:63,0
DA:68,4
DA:69,4
DA:73,4
DA:79,4
DA:81,4
DA:83,4
DA:84,1
DA:87,4
DA:88,1
DA:91,4
DA:93,1
DA:94,2
DA:101,4
DA:102,1
DA:103,2
DA:111,0
DA:116,4
DA:117,4
DA:121,4
DA:127,4
DA:128,1
DA:131,0
DA:139,4
DA:140,4
DA:144,4
DA:150,4
DA:151,1
DA:154,0
DA:159,6
DA:161,5
DA:178,6
DA:180,5
DA:182,10
LF:61
LH:56
BRDA:79,0,0,4
BRDA:83,1,0,1
BRDA:87,2,0,1
BRDA:91,3,0,1
BRDA:101,4,0,1
BRDA:127,5,0,1
BRDA:127,6,0,0
BRDA:127,6,1,4
BRDA:127,7,0,4
BRDA:127,7,1,4
BRDA:150,8,0,1
BRDA:150,9,0,0
BRDA:150,9,1,4
BRDA:150,10,0,4
BRDA:150,10,1,4
BRF:15
BRH:13
end_of_record
TN:
SF:src/modules/metrics/prometheus.service.ts
FN:24,(anonymous_2)
FN:111,(anonymous_3)
FN:117,(anonymous_4)
FN:131,(anonymous_5)
FN:141,(anonymous_6)
FN:152,(anonymous_7)
FN:160,(anonymous_8)
FN:164,(anonymous_9)
FN:168,(anonymous_10)
FN:172,(anonymous_11)
FN:176,(anonymous_12)
FN:180,(anonymous_13)
FN:191,(anonymous_14)
FN:195,(anonymous_15)
FN:199,(anonymous_16)
FNF:15
FNH:14
FNDA:32,(anonymous_2)
FNDA:0,(anonymous_3)
FNDA:11,(anonymous_4)
FNDA:5,(anonymous_5)
FNDA:8,(anonymous_6)
FNDA:6,(anonymous_7)
FNDA:8,(anonymous_8)
FNDA:5,(anonymous_9)
FNDA:7,(anonymous_10)
FNDA:6,(anonymous_11)
FNDA:8,(anonymous_12)
FNDA:9,(anonymous_13)
FNDA:6,(anonymous_14)
FNDA:29,(anonymous_15)
FNDA:2,(anonymous_16)
DA:1,7
DA:2,7
DA:11,7
DA:26,32
DA:29,32
DA:32,32
DA:39,32
DA:48,32
DA:55,32
DA:63,32
DA:69,32
DA:75,32
DA:82,32
DA:89,32
DA:96,32
DA:103,32
DA:113,0
DA:123,11
DA:137,5
DA:146,8
DA:153,6
DA:161,8
DA:165,5
DA:169,7
DA:173,6
DA:177,8
DA:181,9
DA:182,9
DA:183,5
DA:184,3
DA:185,1
DA:186,1
DA:188,9
DA:192,6
DA:196,29
DA:200,2
LF:36
LH:35
BRDA:148,0,0,5
BRDA:148,0,1,3
BRDA:182,1,0,5
BRDA:183,2,0,2
BRDA:183,2,1,3
BRDA:184,3,0,2
BRDA:184,3,1,1
BRDA:185,4,0,0
BRDA:185,4,1,1
BRF:9
BRH:8
end_of_record
TN:
SF:src/modules/monitoring/monitoring.controller.ts
FN:8,(anonymous_4)
FN:13,(anonymous_5)
FN:20,(anonymous_6)
FN:32,(anonymous_7)
FN:39,(anonymous_8)
FNF:5
FNH:5
FNDA:34,(anonymous_4)
FNDA:12,(anonymous_5)
FNDA:11,(anonymous_6)
FNDA:15,(anonymous_7)
FNDA:12,(anonymous_8)
DA:1,1
DA:2,1
DA:3,1
DA:7,1
DA:8,34
DA:13,1
DA:14,12
DA:20,1
DA:21,11
DA:32,1
DA:33,15
DA:39,1
DA:40,12
LF:13
LH:13
BRF:0
BRH:0
end_of_record
TN:
SF:src/modules/monitoring/monitoring.module.ts
FNF:0
FNH:0
DA:1,0
DA:2,0
DA:3,0
DA:4,0
DA:5,0
DA:6,0
DA:14,0
LF:7
LH:0
BRF:0
BRH:0
end_of_record
TN:
SF:src/modules/monitoring/monitoring.service.ts
FN:9,(anonymous_2)
FN:14,(anonymous_3)
FN:35,(anonymous_4)
FN:79,(anonymous_5)
FN:80,(anonymous_6)
FN:81,(anonymous_7)
FN:87,(anonymous_8)
FN:93,(anonymous_9)
FN:106,(anonymous_10)
FN:114,(anonymous_11)
FN:127,(anonymous_12)
FN:136,(anonymous_13)
FNF:12
FNH:12
FNDA:27,(anonymous_2)
FNDA:10,(anonymous_3)
FNDA:22,(anonymous_4)
FNDA:44,(anonymous_5)
FNDA:44,(anonymous_6)
FNDA:25,(anonymous_7)
FNDA:9,(anonymous_8)
FNDA:16,(anonymous_9)
FNDA:16,(anonymous_10)
FNDA:5,(anonymous_11)
FNDA:8,(anonymous_12)
FNDA:9,(anonymous_13)
DA:1,4
DA:2,4
DA:3,4
DA:6,4
DA:7,27
DA:10,27
DA:11,27
DA:15,10
DA:16,9
DA:18,9
DA:36,22
DA:37,21
DA:40,21
DA:41,41
DA:42,22
DA:50,19
DA:51,1
DA:62,21
DA:64,21
DA:66,21
DA:67,21
DA:76,21
DA:79,44
DA:80,44
DA:82,25
DA:88,9
DA:92,8
DA:93,16
DA:97,8
DA:106,16
DA:115,5
DA:117,4
DA:127,8
DA:137,9
DA:138,9
LF:35
LH:35
BRDA:20,0,0,1
BRDA:20,0,1,8
BRDA:41,1,0,22
BRDA:41,1,1,19
BRDA:50,2,0,1
BRDA:66,3,0,21
BRDA:82,4,0,2
BRDA:82,4,1,23
BRDA:82,5,0,22
BRDA:82,5,1,1
BRDA:87,6,0,8
BRF:11
BRH:11
end_of_record
