TN:
SF:src/modules/metrics/metrics.controller.ts
FN:9,(anonymous_2)
FN:19,(anonymous_3)
FN:27,(anonymous_4)
FN:32,(anonymous_5)
FN:39,(anonymous_6)
FNF:5
FNH:4
FNDA:3,(anonymous_2)
FNDA:1,(anonymous_3)
FNDA:3,(anonymous_4)
FNDA:1,(anonymous_5)
FNDA:0,(anonymous_6)
DA:1,1
DA:2,1
DA:3,1
DA:4,1
DA:8,1
DA:10,3
DA:11,3
DA:19,1
DA:20,1
DA:26,1
DA:27,3
DA:32,1
DA:33,1
DA:39,1
DA:40,0
LF:15
LH:14
BRF:0
BRH:0
end_of_record
TN:
SF:src/modules/metrics/metrics.service.ts
FN:13,(anonymous_2)
FN:21,(anonymous_3)
FN:35,(anonymous_4)
FN:52,(anonymous_5)
FN:67,(anonymous_6)
FN:115,(anonymous_7)
FN:138,(anonymous_8)
FN:158,(anonymous_9)
FN:177,(anonymous_10)
FN:182,(anonymous_11)
FNF:10
FNH:2
FNDA:2,(anonymous_2)
FNDA:0,(anonymous_3)
FNDA:0,(anonymous_4)
FNDA:0,(anonymous_5)
FNDA:0,(anonymous_6)
FNDA:0,(anonymous_7)
FNDA:0,(anonymous_8)
FNDA:1,(anonymous_9)
FNDA:0,(anonymous_10)
FNDA:0,(anonymous_11)
DA:1,2
DA:2,2
DA:3,2
DA:4,2
DA:5,2
DA:6,2
DA:7,2
DA:10,2
DA:11,2
DA:14,2
DA:15,2
DA:16,2
DA:17,2
DA:21,2
DA:22,0
DA:24,0
DA:26,0
DA:29,0
DA:31,0
DA:36,0
DA:38,0
DA:39,0
DA:45,0
DA:53,0
DA:55,0
DA:58,0
DA:61,0
DA:63,0
DA:68,0
DA:69,0
DA:73,0
DA:79,0
DA:81,0
DA:83,0
DA:84,0
DA:87,0
DA:88,0
DA:91,0
DA:93,0
DA:94,0
DA:101,0
DA:102,0
DA:103,0
DA:111,0
DA:116,0
DA:117,0
DA:121,0
DA:127,0
DA:128,0
DA:131,0
DA:139,0
DA:140,0
DA:144,0
DA:150,0
DA:151,0
DA:154,0
DA:159,1
DA:161,1
DA:178,0
DA:180,0
DA:182,0
LF:61
LH:16
BRDA:79,0,0,0
BRDA:83,1,0,0
BRDA:87,2,0,0
BRDA:91,3,0,0
BRDA:101,4,0,0
BRDA:127,5,0,0
BRDA:127,6,0,0
BRDA:127,6,1,0
BRDA:127,7,0,0
BRDA:127,7,1,0
BRDA:150,8,0,0
BRDA:150,9,0,0
BRDA:150,9,1,0
BRDA:150,10,0,0
BRDA:150,10,1,0
BRF:15
BRH:0
end_of_record
